2025-04-26 09:42:52 - Starting NXLog CE installation...
2025-04-26 09:42:52 - Creating necessary directories...
2025-04-26 09:42:52 - Copying configuration file to /usr/local/etc/nxlog/nxlog.conf...
2025-04-26 09:42:52 - Found NXLog CE source: ./nxlog-ce-3.0.2272.tar.gz
2025-04-26 09:42:52 - Detecting distribution to install required dependencies...
2025-04-26 09:42:52 - Detected Debian-based distribution.
2025-04-26 09:43:59 - Extracting NXLog CE source code...
2025-04-26 09:44:00 - Compiling NXLog CE 3.0.2272....
2025-04-26 09:47:11 - Starting NXLog CE installation...
2025-04-26 09:47:11 - Creating necessary directories...
2025-04-26 09:47:11 - Copying configuration file to /usr/local/etc/nxlog/nxlog.conf...
2025-04-26 09:47:11 - Found NXLog CE source: ./nxlog-ce-3.0.2272.tar.gz
2025-04-26 09:47:11 - Detecting distribution to install required dependencies...
2025-04-26 09:47:11 - Detected Raspberry Pi hardware
2025-04-26 09:47:11 - Detected Debian-based distribution.
2025-04-26 09:47:11 - Adding extra dependencies for Raspberry Pi
2025-04-26 09:47:11 - Installing dependencies: build-essential libapr1-dev libpcre3-dev libssl-dev libexpat1-dev autoconf automake libtool pkg-config libdbi-dev flex bison libtool-bin
2025-04-26 09:48:17 - Extracting NXLog CE source code...
2025-04-26 09:48:20 - Compiling NXLog CE 3.0.2272....
2025-04-26 09:55:30 - Starting NXLog CE installation...
2025-04-26 09:55:30 - Creating necessary directories...
2025-04-26 09:55:30 - Copying configuration file to /usr/local/etc/nxlog/nxlog.conf...
2025-04-26 09:55:30 - Found NXLog CE source: ./nxlog-ce-3.1.2319.tar.gz
2025-04-26 09:55:30 - Detecting distribution to install required dependencies...
2025-04-26 09:55:30 - Detected Raspberry Pi hardware
2025-04-26 09:55:30 - Detected Debian-based distribution.
2025-04-26 09:55:30 - Adding extra dependencies for Raspberry Pi
2025-04-26 09:55:30 - Installing dependencies: build-essential libapr1-dev libpcre3-dev libssl-dev libexpat1-dev autoconf automake libtool pkg-config libdbi-dev flex bison libtool-bin
2025-04-26 09:55:36 - Extracting NXLog CE source code...
2025-04-26 09:55:39 - Compiling NXLog CE 3.1.2319....
2025-04-26 10:02:01 - Starting NXLog CE installation...
2025-04-26 10:02:01 - Creating necessary directories...
2025-04-26 10:02:01 - Copying configuration file to /usr/local/etc/nxlog/nxlog.conf...
2025-04-26 10:02:01 - Found NXLog CE source: ./nxlog-ce-3.1.2319.tar.gz
2025-04-26 10:02:01 - Detecting distribution to install required dependencies...
2025-04-26 10:02:01 - Detected Raspberry Pi hardware
2025-04-26 10:02:01 - Detected Debian-based distribution.
2025-04-26 10:02:01 - Adding extra dependencies for Raspberry Pi
2025-04-26 10:02:01 - Installing dependencies: build-essential libapr1-dev libpcre3-dev libssl-dev libexpat1-dev autoconf automake libtool pkg-config libdbi-dev flex bison libtool-bin
2025-04-26 10:02:08 - Extracting NXLog CE source code...
2025-04-26 10:02:10 - Compiling NXLog CE 3.1.2319....
2025-04-26 10:16:50 - Starting NXLog CE installation...
2025-04-26 10:16:50 - Creating necessary directories...
2025-04-26 10:16:50 - Copying configuration file to /usr/local/etc/nxlog/nxlog.conf...
2025-04-26 10:16:50 - ERROR: NXLog CE source tarball not found in current directory
2025-04-26 10:16:50 - Cleaning up temporary files...
2025-04-26 10:16:50 - Cleanup completed.
