This file contains any messages produced by compilers while
running configure, to aid debugging if configure makes a mistake.

It was created by nxlog-ce configure 3.0.14, which was
generated by GNU Autoconf 2.69.  Invocation command line was

  $ ./configure 

## --------- ##
## Platform. ##
## --------- ##

hostname = ubuntu2204
uname -m = x86_64
uname -r = 5.15.39-2-pve
uname -s = Linux
uname -v = #1 SMP PVE 5.15.39-2 (Wed, 20 Jul 2022 17:22:19 +0200)

/usr/bin/uname -p = x86_64
/bin/uname -X     = unknown

/bin/arch              = x86_64
/usr/bin/arch -k       = unknown
/usr/convex/getsysinfo = unknown
/usr/bin/hostinfo      = unknown
/bin/machine           = unknown
/usr/bin/oslevel       = unknown
/bin/universe          = unknown

PATH: /usr/local/sbin
PATH: /usr/local/bin
PATH: /usr/sbin
PATH: /usr/bin
PATH: /sbin
PATH: /bin
PATH: /usr/games
PATH: /usr/local/games
PATH: /snap/bin


## ----------- ##
## Core tests. ##
## ----------- ##

configure:2437: checking build system type
configure:2451: result: x86_64-unknown-linux-gnu
configure:2471: checking host system type
configure:2484: result: x86_64-unknown-linux-gnu
configure:2504: checking target system type
configure:2517: result: x86_64-unknown-linux-gnu
configure:2563: checking for a BSD-compatible install
configure:2631: result: /usr/bin/install -c
configure:2642: checking whether build environment is sane
configure:2697: result: yes
configure:2848: checking for a thread-safe mkdir -p
configure:2887: result: /usr/bin/mkdir -p
configure:2894: checking for gawk
configure:2924: result: no
configure:2894: checking for mawk
configure:2910: found /usr/bin/mawk
configure:2921: result: mawk
configure:2932: checking whether make sets $(MAKE)
configure:2954: result: yes
configure:2983: checking whether make supports nested variables
configure:3000: result: yes
configure:3089: checking whether UID '0' is supported by ustar format
configure:3092: result: yes
configure:3099: checking whether GID '0' is supported by ustar format
configure:3102: result: yes
configure:3110: checking how to create a ustar tar archive
configure:3121: tar --version
tar (GNU tar) 1.34
Copyright (C) 2021 Free Software Foundation, Inc.
License GPLv3+: GNU GPL version 3 or later <https://gnu.org/licenses/gpl.html>.
This is free software: you are free to change and redistribute it.
There is NO WARRANTY, to the extent permitted by law.

Written by John Gilmore and Jay Fenlason.
configure:3124: $? = 0
configure:3164: tardir=conftest.dir && eval tar --format=ustar -chf - "$tardir" >conftest.tar
configure:3167: $? = 0
configure:3171: tar -xf - <conftest.tar
configure:3174: $? = 0
configure:3176: cat conftest.dir/file
GrepMe
configure:3179: $? = 0
configure:3192: result: gnutar
configure:3298: checking for gcc
configure:3314: found /usr/bin/gcc
configure:3325: result: gcc
configure:3554: checking for C compiler version
configure:3563: gcc --version >&5
gcc (Ubuntu 11.2.0-19ubuntu1) 11.2.0
Copyright (C) 2021 Free Software Foundation, Inc.
This is free software; see the source for copying conditions.  There is NO
warranty; not even for MERCHANTABILITY or FITNESS FOR A PARTICULAR PURPOSE.

configure:3574: $? = 0
configure:3563: gcc -v >&5
Using built-in specs.
COLLECT_GCC=gcc
COLLECT_LTO_WRAPPER=/usr/lib/gcc/x86_64-linux-gnu/11/lto-wrapper
OFFLOAD_TARGET_NAMES=nvptx-none:amdgcn-amdhsa
OFFLOAD_TARGET_DEFAULT=1
Target: x86_64-linux-gnu
Configured with: ../src/configure -v --with-pkgversion='Ubuntu 11.2.0-19ubuntu1' --with-bugurl=file:///usr/share/doc/gcc-11/README.Bugs --enable-languages=c,ada,c++,go,brig,d,fortran,objc,obj-c++,m2 --prefix=/usr --with-gcc-major-version-only --program-suffix=-11 --program-prefix=x86_64-linux-gnu- --enable-shared --enable-linker-build-id --libexecdir=/usr/lib --without-included-gettext --enable-threads=posix --libdir=/usr/lib --enable-nls --enable-bootstrap --enable-clocale=gnu --enable-libstdcxx-debug --enable-libstdcxx-time=yes --with-default-libstdcxx-abi=new --enable-gnu-unique-object --disable-vtable-verify --enable-plugin --enable-default-pie --with-system-zlib --enable-libphobos-checking=release --with-target-system-zlib=auto --enable-objc-gc=auto --enable-multiarch --disable-werror --enable-cet --with-arch-32=i686 --with-abi=m64 --with-multilib-list=m32,m64,mx32 --enable-multilib --with-tune=generic --enable-offload-targets=nvptx-none=/build/gcc-11-gBFGDP/gcc-11-11.2.0/debian/tmp-nvptx/usr,amdgcn-amdhsa=/build/gcc-11-gBFGDP/gcc-11-11.2.0/debian/tmp-gcn/usr --without-cuda-driver --enable-checking=release --build=x86_64-linux-gnu --host=x86_64-linux-gnu --target=x86_64-linux-gnu --with-build-config=bootstrap-lto-lean --enable-link-serialization=2
Thread model: posix
Supported LTO compression algorithms: zlib zstd
gcc version 11.2.0 (Ubuntu 11.2.0-19ubuntu1) 
... rest of stderr output deleted ...
configure:3574: $? = 0
configure:3563: gcc -V >&5
gcc: error: unrecognized command-line option '-V'
gcc: fatal error: no input files
compilation terminated.
configure:3574: $? = 1
configure:3563: gcc -qversion >&5
gcc: error: unrecognized command-line option '-qversion'; did you mean '--version'?
gcc: fatal error: no input files
compilation terminated.
configure:3574: $? = 1
configure:3594: checking whether the C compiler works
configure:3616: gcc    conftest.c  >&5
configure:3620: $? = 0
configure:3668: result: yes
configure:3671: checking for C compiler default output file name
configure:3673: result: a.out
configure:3679: checking for suffix of executables
configure:3686: gcc -o conftest    conftest.c  >&5
configure:3690: $? = 0
configure:3712: result: 
configure:3734: checking whether we are cross compiling
configure:3742: gcc -o conftest    conftest.c  >&5
configure:3746: $? = 0
configure:3753: ./conftest
configure:3757: $? = 0
configure:3772: result: no
configure:3777: checking for suffix of object files
configure:3799: gcc -c   conftest.c >&5
configure:3803: $? = 0
configure:3824: result: o
configure:3828: checking whether we are using the GNU C compiler
configure:3847: gcc -c   conftest.c >&5
configure:3847: $? = 0
configure:3856: result: yes
configure:3865: checking whether gcc accepts -g
configure:3885: gcc -c -g  conftest.c >&5
configure:3885: $? = 0
configure:3926: result: yes
configure:3943: checking for gcc option to accept ISO C89
configure:4006: gcc  -c   conftest.c >&5
configure:4006: $? = 0
configure:4019: result: none needed
configure:4044: checking whether gcc understands -c and -o together
configure:4066: gcc -c conftest.c -o conftest2.o
configure:4069: $? = 0
configure:4066: gcc -c conftest.c -o conftest2.o
configure:4069: $? = 0
configure:4081: result: yes
configure:4109: checking for style of include used by make
configure:4137: result: GNU
configure:4163: checking dependency style of gcc
configure:4274: result: gcc3
configure:4295: checking for apr-1-config
configure:4313: found /usr/bin/apr-1-config
configure:4325: result: /usr/bin/apr-1-config
configure:4349: checking whether ln -s works
configure:4353: result: yes
configure:4709: checking how to print strings
configure:4736: result: printf
configure:4757: checking for a sed that does not truncate output
configure:4821: result: /usr/bin/sed
configure:4839: checking for grep that handles long lines and -e
configure:4897: result: /usr/bin/grep
configure:4902: checking for egrep
configure:4964: result: /usr/bin/grep -E
configure:4969: checking for fgrep
configure:5031: result: /usr/bin/grep -F
configure:5066: checking for ld used by gcc
configure:5133: result: /usr/bin/ld
configure:5140: checking if the linker (/usr/bin/ld) is GNU ld
configure:5155: result: yes
configure:5167: checking for BSD- or MS-compatible name lister (nm)
configure:5216: result: /usr/bin/nm -B
configure:5346: checking the name lister (/usr/bin/nm -B) interface
configure:5353: gcc -c    -DLINUX -D_REENTRANT -D_GNU_SOURCE  conftest.c >&5
configure:5356: /usr/bin/nm -B "conftest.o"
configure:5359: output
0000000000000000 B some_variable
configure:5366: result: BSD nm
configure:5370: checking the maximum length of command line arguments
configure:5501: result: 1572864
configure:5518: checking whether the shell understands some XSI constructs
configure:5528: result: yes
configure:5532: checking whether the shell understands "+="
configure:5538: result: yes
configure:5573: checking how to convert x86_64-unknown-linux-gnu file names to x86_64-unknown-linux-gnu format
configure:5613: result: func_convert_file_noop
configure:5620: checking how to convert x86_64-unknown-linux-gnu file names to toolchain format
configure:5640: result: func_convert_file_noop
configure:5647: checking for /usr/bin/ld option to reload object files
configure:5654: result: -r
configure:5728: checking for objdump
configure:5755: result: objdump
configure:5784: checking how to recognize dependent libraries
configure:5982: result: pass_all
configure:6067: checking for dlltool
configure:6094: result: dlltool
configure:6124: checking how to associate runtime and link libraries
configure:6151: result: printf %s\n
configure:6212: checking for ar
configure:6228: found /usr/bin/ar
configure:6239: result: ar
configure:6276: checking for archiver @FILE support
configure:6293: gcc -c    -DLINUX -D_REENTRANT -D_GNU_SOURCE  conftest.c >&5
configure:6293: $? = 0
configure:6296: ar cru libconftest.a @conftest.lst >&5
ar: `u' modifier ignored since `D' is the default (see `U')
configure:6299: $? = 0
configure:6304: ar cru libconftest.a @conftest.lst >&5
ar: `u' modifier ignored since `D' is the default (see `U')
ar: conftest.o: No such file or directory
configure:6307: $? = 1
configure:6319: result: @
configure:6377: checking for strip
configure:6393: found /usr/bin/strip
configure:6404: result: strip
configure:6476: checking for ranlib
configure:6492: found /usr/bin/ranlib
configure:6503: result: ranlib
configure:6605: checking command to parse /usr/bin/nm -B output from gcc object
configure:6725: gcc -c    -DLINUX -D_REENTRANT -D_GNU_SOURCE  conftest.c >&5
configure:6728: $? = 0
configure:6732: /usr/bin/nm -B conftest.o \| sed -n -e 's/^.*[ ]\([ABCDGIRSTW][ABCDGIRSTW]*\)[ ][ ]*\([_A-Za-z][_A-Za-z0-9]*\)$/\1 \2 \2/p' | sed '/ __gnu_lto/d' \> conftest.nm
configure:6735: $? = 0
configure:6801: gcc -o conftest    -DLINUX -D_REENTRANT -D_GNU_SOURCE     conftest.c conftstm.o >&5
configure:6804: $? = 0
configure:6842: result: ok
configure:6879: checking for sysroot
configure:6909: result: no
configure:6986: gcc -c    -DLINUX -D_REENTRANT -D_GNU_SOURCE  conftest.c >&5
configure:6989: $? = 0
configure:7178: checking for mt
configure:7194: found /usr/bin/mt
configure:7205: result: mt
configure:7228: checking if mt is a manifest tool
configure:7234: mt '-?'
configure:7242: result: no
configure:7884: checking how to run the C preprocessor
configure:7915: gcc -E  conftest.c
configure:7915: $? = 0
configure:7929: gcc -E  conftest.c
conftest.c:11:10: fatal error: ac_nonexistent.h: No such file or directory
   11 | #include <ac_nonexistent.h>
      |          ^~~~~~~~~~~~~~~~~~
compilation terminated.
configure:7929: $? = 1
configure: failed program was:
| /* confdefs.h */
| #define PACKAGE_NAME "nxlog-ce"
| #define PACKAGE_TARNAME "nxlog-ce"
| #define PACKAGE_VERSION "3.0.14"
| #define PACKAGE_STRING "nxlog-ce 3.0.14"
| #define PACKAGE_BUGREPORT "support@nxlog.org"
| #define PACKAGE_URL ""
| #define PACKAGE "nxlog-ce"
| #define VERSION "3.0.14"
| /* end confdefs.h.  */
| #include <ac_nonexistent.h>
configure:7954: result: gcc -E
configure:7974: gcc -E  conftest.c
configure:7974: $? = 0
configure:7988: gcc -E  conftest.c
conftest.c:11:10: fatal error: ac_nonexistent.h: No such file or directory
   11 | #include <ac_nonexistent.h>
      |          ^~~~~~~~~~~~~~~~~~
compilation terminated.
configure:7988: $? = 1
configure: failed program was:
| /* confdefs.h */
| #define PACKAGE_NAME "nxlog-ce"
| #define PACKAGE_TARNAME "nxlog-ce"
| #define PACKAGE_VERSION "3.0.14"
| #define PACKAGE_STRING "nxlog-ce 3.0.14"
| #define PACKAGE_BUGREPORT "support@nxlog.org"
| #define PACKAGE_URL ""
| #define PACKAGE "nxlog-ce"
| #define VERSION "3.0.14"
| /* end confdefs.h.  */
| #include <ac_nonexistent.h>
configure:8017: checking for ANSI C header files
configure:8037: gcc -c    -DLINUX -D_REENTRANT -D_GNU_SOURCE  conftest.c >&5
configure:8037: $? = 0
configure:8110: gcc -o conftest    -DLINUX -D_REENTRANT -D_GNU_SOURCE     conftest.c   -L/usr/lib/x86_64-linux-gnu -lapr-1  >&5
configure:8110: $? = 0
configure:8110: ./conftest
configure:8110: $? = 0
configure:8121: result: yes
configure:8134: checking for sys/types.h
configure:8134: gcc -c    -DLINUX -D_REENTRANT -D_GNU_SOURCE  conftest.c >&5
configure:8134: $? = 0
configure:8134: result: yes
configure:8134: checking for sys/stat.h
configure:8134: gcc -c    -DLINUX -D_REENTRANT -D_GNU_SOURCE  conftest.c >&5
configure:8134: $? = 0
configure:8134: result: yes
configure:8134: checking for stdlib.h
configure:8134: gcc -c    -DLINUX -D_REENTRANT -D_GNU_SOURCE  conftest.c >&5
configure:8134: $? = 0
configure:8134: result: yes
configure:8134: checking for string.h
configure:8134: gcc -c    -DLINUX -D_REENTRANT -D_GNU_SOURCE  conftest.c >&5
configure:8134: $? = 0
configure:8134: result: yes
configure:8134: checking for memory.h
configure:8134: gcc -c    -DLINUX -D_REENTRANT -D_GNU_SOURCE  conftest.c >&5
configure:8134: $? = 0
configure:8134: result: yes
configure:8134: checking for strings.h
configure:8134: gcc -c    -DLINUX -D_REENTRANT -D_GNU_SOURCE  conftest.c >&5
configure:8134: $? = 0
configure:8134: result: yes
configure:8134: checking for inttypes.h
configure:8134: gcc -c    -DLINUX -D_REENTRANT -D_GNU_SOURCE  conftest.c >&5
configure:8134: $? = 0
configure:8134: result: yes
configure:8134: checking for stdint.h
configure:8134: gcc -c    -DLINUX -D_REENTRANT -D_GNU_SOURCE  conftest.c >&5
configure:8134: $? = 0
configure:8134: result: yes
configure:8134: checking for unistd.h
configure:8134: gcc -c    -DLINUX -D_REENTRANT -D_GNU_SOURCE  conftest.c >&5
configure:8134: $? = 0
configure:8134: result: yes
configure:8148: checking for dlfcn.h
configure:8148: gcc -c    -DLINUX -D_REENTRANT -D_GNU_SOURCE  conftest.c >&5
configure:8148: $? = 0
configure:8148: result: yes
configure:8352: checking for objdir
configure:8367: result: .libs
configure:8634: checking if gcc supports -fno-rtti -fno-exceptions
configure:8652: gcc -c    -DLINUX -D_REENTRANT -D_GNU_SOURCE  -fno-rtti -fno-exceptions conftest.c >&5
cc1: warning: command-line option '-fno-rtti' is valid for C++/D/ObjC++ but not for C
configure:8656: $? = 0
configure:8669: result: no
configure:8996: checking for gcc option to produce PIC
configure:9003: result: -fPIC -DPIC
configure:9011: checking if gcc PIC flag -fPIC -DPIC works
configure:9029: gcc -c    -DLINUX -D_REENTRANT -D_GNU_SOURCE  -fPIC -DPIC -DPIC conftest.c >&5
configure:9033: $? = 0
configure:9046: result: yes
configure:9075: checking if gcc static flag -static works
configure:9103: result: yes
configure:9118: checking if gcc supports -c -o file.o
configure:9139: gcc -c    -DLINUX -D_REENTRANT -D_GNU_SOURCE  -o out/conftest2.o conftest.c >&5
configure:9143: $? = 0
configure:9165: result: yes
configure:9173: checking if gcc supports -c -o file.o
configure:9220: result: yes
configure:9253: checking whether the gcc linker (/usr/bin/ld -m elf_x86_64) supports shared libraries
configure:10410: result: yes
configure:10447: checking whether -lc should be explicitly linked in
configure:10455: gcc -c    -DLINUX -D_REENTRANT -D_GNU_SOURCE  conftest.c >&5
configure:10458: $? = 0
configure:10473: gcc -shared  -fPIC -DPIC conftest.o  -v -Wl,-soname -Wl,conftest -o conftest 2\>\&1 \| /usr/bin/grep  -lc  \>/dev/null 2\>\&1
configure:10476: $? = 0
configure:10490: result: no
configure:10650: checking dynamic linker characteristics
configure:11150: gcc -o conftest    -DLINUX -D_REENTRANT -D_GNU_SOURCE     -Wl,-rpath -Wl,/foo conftest.c   -L/usr/lib/x86_64-linux-gnu -lapr-1  >&5
configure:11150: $? = 0
configure:11384: result: GNU/Linux ld.so
configure:11491: checking how to hardcode library paths into programs
configure:11516: result: immediate
configure:12056: checking whether stripping libraries is possible
configure:12061: result: yes
configure:12096: checking if libtool supports shared libraries
configure:12098: result: yes
configure:12101: checking whether to build shared libraries
configure:12122: result: yes
configure:12125: checking whether to build static libraries
configure:12129: result: yes
configure:12170: checking for bison
configure:12200: result: no
configure:12170: checking for byacc
configure:12200: result: no
configure:12213: checking for flex
configure:12243: result: no
configure:12213: checking for lex
configure:12243: result: no
configure:12370: checking for an Android system
configure:12386: gcc -E  conftest.c
conftest.c:24:2: error: #error __ANDROID__ not defined
   24 | #error __ANDROID__ not defined
      |  ^~~~~
configure:12386: $? = 1
configure: failed program was:
| /* confdefs.h */
| #define PACKAGE_NAME "nxlog-ce"
| #define PACKAGE_TARNAME "nxlog-ce"
| #define PACKAGE_VERSION "3.0.14"
| #define PACKAGE_STRING "nxlog-ce 3.0.14"
| #define PACKAGE_BUGREPORT "support@nxlog.org"
| #define PACKAGE_URL ""
| #define PACKAGE "nxlog-ce"
| #define VERSION "3.0.14"
| #define STDC_HEADERS 1
| #define HAVE_SYS_TYPES_H 1
| #define HAVE_SYS_STAT_H 1
| #define HAVE_STDLIB_H 1
| #define HAVE_STRING_H 1
| #define HAVE_MEMORY_H 1
| #define HAVE_STRINGS_H 1
| #define HAVE_INTTYPES_H 1
| #define HAVE_STDINT_H 1
| #define HAVE_UNISTD_H 1
| #define HAVE_DLFCN_H 1
| #define LT_OBJDIR ".libs/"
| /* end confdefs.h.  */
| #ifndef __ANDROID__
| #error __ANDROID__ not defined
| #endif
| 
| int
| main ()
| {
| ;
|   ;
|   return 0;
| }
configure:12390: result: no
configure:12407: checking for openssl
configure:12423: found /usr/bin/openssl
configure:12434: result: openssl
configure:12456: checking for pcre-config
configure:12474: found /usr/bin/pcre-config
configure:12486: result: /usr/bin/pcre-config
configure:12511: checking for apr_socket_create in -lapr-1
configure:12536: gcc -o conftest    -DLINUX -D_REENTRANT -D_GNU_SOURCE     conftest.c -lapr-1    -L/usr/lib/x86_64-linux-gnu -lapr-1  >&5
configure:12536: $? = 0
configure:12545: result: yes
configure:12556: checking for apr_pollset_wakeup
configure:12556: gcc -o conftest    -DLINUX -D_REENTRANT -D_GNU_SOURCE     conftest.c   -L/usr/lib/x86_64-linux-gnu -lapr-1  >&5
configure:12556: $? = 0
configure:12556: result: yes
configure:12556: checking for apr_sockaddr_ip_getbuf
configure:12556: gcc -o conftest    -DLINUX -D_REENTRANT -D_GNU_SOURCE     conftest.c   -L/usr/lib/x86_64-linux-gnu -lapr-1  >&5
configure:12556: $? = 0
configure:12556: result: yes
configure:12556: checking for apr_file_sync
configure:12556: gcc -o conftest    -DLINUX -D_REENTRANT -D_GNU_SOURCE     conftest.c   -L/usr/lib/x86_64-linux-gnu -lapr-1  >&5
configure:12556: $? = 0
configure:12556: result: yes
configure:12556: checking for apr_file_link
configure:12556: gcc -o conftest    -DLINUX -D_REENTRANT -D_GNU_SOURCE     conftest.c   -L/usr/lib/x86_64-linux-gnu -lapr-1  >&5
configure:12556: $? = 0
configure:12556: result: yes
configure:12556: checking for apr_pool_create_unmanaged_ex
configure:12556: gcc -o conftest    -DLINUX -D_REENTRANT -D_GNU_SOURCE     conftest.c   -L/usr/lib/x86_64-linux-gnu -lapr-1  >&5
configure:12556: $? = 0
configure:12556: result: yes
configure:12572: checking for dbi_initialize in -ldbi
configure:12597: gcc -o conftest    -DLINUX -D_REENTRANT -D_GNU_SOURCE     conftest.c -ldbi    -L/usr/lib/x86_64-linux-gnu -lapr-1  >&5
/usr/bin/ld: cannot find -ldbi: No such file or directory
collect2: error: ld returned 1 exit status
configure:12597: $? = 1
configure: failed program was:
| /* confdefs.h */
| #define PACKAGE_NAME "nxlog-ce"
| #define PACKAGE_TARNAME "nxlog-ce"
| #define PACKAGE_VERSION "3.0.14"
| #define PACKAGE_STRING "nxlog-ce 3.0.14"
| #define PACKAGE_BUGREPORT "support@nxlog.org"
| #define PACKAGE_URL ""
| #define PACKAGE "nxlog-ce"
| #define VERSION "3.0.14"
| #define STDC_HEADERS 1
| #define HAVE_SYS_TYPES_H 1
| #define HAVE_SYS_STAT_H 1
| #define HAVE_STDLIB_H 1
| #define HAVE_STRING_H 1
| #define HAVE_MEMORY_H 1
| #define HAVE_STRINGS_H 1
| #define HAVE_INTTYPES_H 1
| #define HAVE_STDINT_H 1
| #define HAVE_UNISTD_H 1
| #define HAVE_DLFCN_H 1
| #define LT_OBJDIR ".libs/"
| #define HAVE_APR_POLLSET_WAKEUP 1
| #define HAVE_APR_SOCKADDR_IP_GETBUF 1
| #define HAVE_APR_FILE_SYNC 1
| #define HAVE_APR_FILE_LINK 1
| #define HAVE_APR_POOL_CREATE_UNMANAGED_EX 1
| /* end confdefs.h.  */
| 
| /* Override any GCC internal prototype to avoid an error.
|    Use char because int might match the return type of a GCC
|    builtin and then its argument prototype would still apply.  */
| #ifdef __cplusplus
| extern "C"
| #endif
| char dbi_initialize ();
| int
| main ()
| {
| return dbi_initialize ();
|   ;
|   return 0;
| }
configure:12606: result: no
configure:12611: WARNING: libdbi not found - not building dbi modules
configure:12655: checking for ANSI C header files
configure:12759: result: yes
configure:12769: checking syslog.h usability
configure:12769: gcc -c    -DLINUX -D_REENTRANT -D_GNU_SOURCE  conftest.c >&5
configure:12769: $? = 0
configure:12769: result: yes
configure:12769: checking syslog.h presence
configure:12769: gcc -E  conftest.c
configure:12769: $? = 0
configure:12769: result: yes
configure:12769: checking for syslog.h
configure:12769: result: yes
configure:12781: checking pcre.h usability
configure:12781: gcc -c    -DLINUX -D_REENTRANT -D_GNU_SOURCE  conftest.c >&5
configure:12781: $? = 0
configure:12781: result: yes
configure:12781: checking pcre.h presence
configure:12781: gcc -E  conftest.c
configure:12781: $? = 0
configure:12781: result: yes
configure:12781: checking for pcre.h
configure:12781: result: yes
configure:12793: checking whether PCRE_ERROR_BADUTF8 is declared
configure:12793: gcc -c    -DLINUX -D_REENTRANT -D_GNU_SOURCE  conftest.c >&5
configure:12793: $? = 0
configure:12793: result: yes
configure:12809: checking whether PCRE_ERROR_BADUTF8_OFFSET is declared
configure:12809: gcc -c    -DLINUX -D_REENTRANT -D_GNU_SOURCE  conftest.c >&5
configure:12809: $? = 0
configure:12809: result: yes
configure:12829: checking openssl/evp.h usability
configure:12829: gcc -c    -DLINUX -D_REENTRANT -D_GNU_SOURCE  conftest.c >&5
configure:12829: $? = 0
configure:12829: result: yes
configure:12829: checking openssl/evp.h presence
configure:12829: gcc -E  conftest.c
configure:12829: $? = 0
configure:12829: result: yes
configure:12829: checking for openssl/evp.h
configure:12829: result: yes
configure:12845: checking for EVP_CIPHER_CTX_new in -lcrypto
configure:12870: gcc -o conftest    -DLINUX -D_REENTRANT -D_GNU_SOURCE     conftest.c -lcrypto -L/usr/local/lib   -L/usr/lib/x86_64-linux-gnu -lapr-1  -lcrypto -lssl >&5
configure:12870: $? = 0
configure:12879: result: yes
configure:12894: checking for OPENSSL_init_ssl in -lssl
configure:12919: gcc -o conftest    -DLINUX -D_REENTRANT -D_GNU_SOURCE     conftest.c -lssl  -lcrypto   -L/usr/lib/x86_64-linux-gnu -lapr-1  -lcrypto -lssl >&5
configure:12919: $? = 0
configure:12928: result: yes
configure:12934: checking for SSL_library_init in -lssl
configure:12959: gcc -o conftest    -DLINUX -D_REENTRANT -D_GNU_SOURCE     conftest.c -lssl  -lcrypto   -L/usr/lib/x86_64-linux-gnu -lapr-1  -lcrypto -lssl >&5
/usr/bin/ld: /tmp/ccLrF5O1.o: in function `main':
conftest.c:(.text+0xe): undefined reference to `SSL_library_init'
collect2: error: ld returned 1 exit status
configure:12959: $? = 1
configure: failed program was:
| /* confdefs.h */
| #define PACKAGE_NAME "nxlog-ce"
| #define PACKAGE_TARNAME "nxlog-ce"
| #define PACKAGE_VERSION "3.0.14"
| #define PACKAGE_STRING "nxlog-ce 3.0.14"
| #define PACKAGE_BUGREPORT "support@nxlog.org"
| #define PACKAGE_URL ""
| #define PACKAGE "nxlog-ce"
| #define VERSION "3.0.14"
| #define STDC_HEADERS 1
| #define HAVE_SYS_TYPES_H 1
| #define HAVE_SYS_STAT_H 1
| #define HAVE_STDLIB_H 1
| #define HAVE_STRING_H 1
| #define HAVE_MEMORY_H 1
| #define HAVE_STRINGS_H 1
| #define HAVE_INTTYPES_H 1
| #define HAVE_STDINT_H 1
| #define HAVE_UNISTD_H 1
| #define HAVE_DLFCN_H 1
| #define LT_OBJDIR ".libs/"
| #define HAVE_APR_POLLSET_WAKEUP 1
| #define HAVE_APR_SOCKADDR_IP_GETBUF 1
| #define HAVE_APR_FILE_SYNC 1
| #define HAVE_APR_FILE_LINK 1
| #define HAVE_APR_POOL_CREATE_UNMANAGED_EX 1
| #define STDC_HEADERS 1
| #define HAVE_SYSLOG_H 1
| #define HAVE_PCRE_H 1
| #define HAVE_DECL_PCRE_ERROR_BADUTF8 1
| #define HAVE_DECL_PCRE_ERROR_BADUTF8_OFFSET 1
| #define HAVE_OPENSSL_EVP_H 1
| #define HAVE_LIBCRYPTO 1
| /* end confdefs.h.  */
| 
| /* Override any GCC internal prototype to avoid an error.
|    Use char because int might match the return type of a GCC
|    builtin and then its argument prototype would still apply.  */
| #ifdef __cplusplus
| extern "C"
| #endif
| char SSL_library_init ();
| int
| main ()
| {
| return SSL_library_init ();
|   ;
|   return 0;
| }
configure:12968: result: no
configure:12981: checking for EVP_md5
configure:12981: gcc -o conftest    -DLINUX -D_REENTRANT -D_GNU_SOURCE     conftest.c -lcrypto   -L/usr/lib/x86_64-linux-gnu -lapr-1  -lcrypto -lssl >&5
configure:12981: $? = 0
configure:12981: result: yes
configure:12981: checking for EVP_sha1
configure:12981: gcc -o conftest    -DLINUX -D_REENTRANT -D_GNU_SOURCE     conftest.c -lcrypto   -L/usr/lib/x86_64-linux-gnu -lapr-1  -lcrypto -lssl >&5
configure:12981: $? = 0
configure:12981: result: yes
configure:12981: checking for EVP_sha256
configure:12981: gcc -o conftest    -DLINUX -D_REENTRANT -D_GNU_SOURCE     conftest.c -lcrypto   -L/usr/lib/x86_64-linux-gnu -lapr-1  -lcrypto -lssl >&5
configure:12981: $? = 0
configure:12981: result: yes
configure:12981: checking for EVP_sha512
configure:12981: gcc -o conftest    -DLINUX -D_REENTRANT -D_GNU_SOURCE     conftest.c -lcrypto   -L/usr/lib/x86_64-linux-gnu -lapr-1  -lcrypto -lssl >&5
configure:12981: $? = 0
configure:12981: result: yes
configure:12981: checking for EVP_ripemd160
configure:12981: gcc -o conftest    -DLINUX -D_REENTRANT -D_GNU_SOURCE     conftest.c -lcrypto   -L/usr/lib/x86_64-linux-gnu -lapr-1  -lcrypto -lssl >&5
configure:12981: $? = 0
configure:12981: result: yes
configure:12995: checking for klogctl
configure:12995: gcc -o conftest    -DLINUX -D_REENTRANT -D_GNU_SOURCE     conftest.c   -L/usr/lib/x86_64-linux-gnu -lapr-1  >&5
configure:12995: $? = 0
configure:12995: result: yes
configure:13009: checking sys/klog.h usability
configure:13009: gcc -c    -DLINUX -D_REENTRANT -D_GNU_SOURCE  conftest.c >&5
configure:13009: $? = 0
configure:13009: result: yes
configure:13009: checking sys/klog.h presence
configure:13009: gcc -E  conftest.c
configure:13009: $? = 0
configure:13009: result: yes
configure:13009: checking for sys/klog.h
configure:13009: result: yes
configure:13021: checking grp.h usability
configure:13021: gcc -c    -DLINUX -D_REENTRANT -D_GNU_SOURCE  conftest.c >&5
configure:13021: $? = 0
configure:13021: result: yes
configure:13021: checking grp.h presence
configure:13021: gcc -E  conftest.c
configure:13021: $? = 0
configure:13021: result: yes
configure:13021: checking for grp.h
configure:13021: result: yes
configure:13034: checking for getgrouplist
configure:13034: gcc -o conftest    -DLINUX -D_REENTRANT -D_GNU_SOURCE     conftest.c   -L/usr/lib/x86_64-linux-gnu -lapr-1  >&5
configure:13034: $? = 0
configure:13034: result: yes
configure:13034: checking for setgroups
configure:13034: gcc -o conftest    -DLINUX -D_REENTRANT -D_GNU_SOURCE     conftest.c   -L/usr/lib/x86_64-linux-gnu -lapr-1  >&5
configure:13034: $? = 0
configure:13034: result: yes
configure:13045: checking for XML_Parse in -lexpat
configure:13070: gcc -o conftest    -DLINUX -D_REENTRANT -D_GNU_SOURCE     conftest.c -lexpat    -L/usr/lib/x86_64-linux-gnu -lapr-1  >&5
configure:13070: $? = 0
configure:13079: result: yes
configure:13090: checking for pcre.h
configure:13090: result: yes
configure:13103: checking zlib.h usability
configure:13103: gcc -c    -DLINUX -D_REENTRANT -D_GNU_SOURCE  conftest.c >&5
conftest.c:79:10: fatal error: zlib.h: No such file or directory
   79 | #include <zlib.h>
      |          ^~~~~~~~
compilation terminated.
configure:13103: $? = 1
configure: failed program was:
| /* confdefs.h */
| #define PACKAGE_NAME "nxlog-ce"
| #define PACKAGE_TARNAME "nxlog-ce"
| #define PACKAGE_VERSION "3.0.14"
| #define PACKAGE_STRING "nxlog-ce 3.0.14"
| #define PACKAGE_BUGREPORT "support@nxlog.org"
| #define PACKAGE_URL ""
| #define PACKAGE "nxlog-ce"
| #define VERSION "3.0.14"
| #define STDC_HEADERS 1
| #define HAVE_SYS_TYPES_H 1
| #define HAVE_SYS_STAT_H 1
| #define HAVE_STDLIB_H 1
| #define HAVE_STRING_H 1
| #define HAVE_MEMORY_H 1
| #define HAVE_STRINGS_H 1
| #define HAVE_INTTYPES_H 1
| #define HAVE_STDINT_H 1
| #define HAVE_UNISTD_H 1
| #define HAVE_DLFCN_H 1
| #define LT_OBJDIR ".libs/"
| #define HAVE_APR_POLLSET_WAKEUP 1
| #define HAVE_APR_SOCKADDR_IP_GETBUF 1
| #define HAVE_APR_FILE_SYNC 1
| #define HAVE_APR_FILE_LINK 1
| #define HAVE_APR_POOL_CREATE_UNMANAGED_EX 1
| #define STDC_HEADERS 1
| #define HAVE_SYSLOG_H 1
| #define HAVE_PCRE_H 1
| #define HAVE_DECL_PCRE_ERROR_BADUTF8 1
| #define HAVE_DECL_PCRE_ERROR_BADUTF8_OFFSET 1
| #define HAVE_OPENSSL_EVP_H 1
| #define HAVE_LIBCRYPTO 1
| #define HAVE_EVP_MD5 1
| #define HAVE_EVP_SHA1 1
| #define HAVE_EVP_SHA256 1
| #define HAVE_EVP_SHA512 1
| #define HAVE_EVP_RIPEMD160 1
| #define HAVE_KLOGCTL 1
| #define HAVE_SYS_KLOG_H 1
| #define HAVE_GRP_H 1
| #define HAVE_GETGROUPLIST 1
| #define HAVE_SETGROUPS 1
| #define HAVE_PCRE_H 1
| /* end confdefs.h.  */
| #include <stdio.h>
| #ifdef HAVE_SYS_TYPES_H
| # include <sys/types.h>
| #endif
| #ifdef HAVE_SYS_STAT_H
| # include <sys/stat.h>
| #endif
| #ifdef STDC_HEADERS
| # include <stdlib.h>
| # include <stddef.h>
| #else
| # ifdef HAVE_STDLIB_H
| #  include <stdlib.h>
| # endif
| #endif
| #ifdef HAVE_STRING_H
| # if !defined STDC_HEADERS && defined HAVE_MEMORY_H
| #  include <memory.h>
| # endif
| # include <string.h>
| #endif
| #ifdef HAVE_STRINGS_H
| # include <strings.h>
| #endif
| #ifdef HAVE_INTTYPES_H
| # include <inttypes.h>
| #endif
| #ifdef HAVE_STDINT_H
| # include <stdint.h>
| #endif
| #ifdef HAVE_UNISTD_H
| # include <unistd.h>
| #endif
| #include <zlib.h>
configure:13103: result: no
configure:13103: checking zlib.h presence
configure:13103: gcc -E  conftest.c
conftest.c:46:10: fatal error: zlib.h: No such file or directory
   46 | #include <zlib.h>
      |          ^~~~~~~~
compilation terminated.
configure:13103: $? = 1
configure: failed program was:
| /* confdefs.h */
| #define PACKAGE_NAME "nxlog-ce"
| #define PACKAGE_TARNAME "nxlog-ce"
| #define PACKAGE_VERSION "3.0.14"
| #define PACKAGE_STRING "nxlog-ce 3.0.14"
| #define PACKAGE_BUGREPORT "support@nxlog.org"
| #define PACKAGE_URL ""
| #define PACKAGE "nxlog-ce"
| #define VERSION "3.0.14"
| #define STDC_HEADERS 1
| #define HAVE_SYS_TYPES_H 1
| #define HAVE_SYS_STAT_H 1
| #define HAVE_STDLIB_H 1
| #define HAVE_STRING_H 1
| #define HAVE_MEMORY_H 1
| #define HAVE_STRINGS_H 1
| #define HAVE_INTTYPES_H 1
| #define HAVE_STDINT_H 1
| #define HAVE_UNISTD_H 1
| #define HAVE_DLFCN_H 1
| #define LT_OBJDIR ".libs/"
| #define HAVE_APR_POLLSET_WAKEUP 1
| #define HAVE_APR_SOCKADDR_IP_GETBUF 1
| #define HAVE_APR_FILE_SYNC 1
| #define HAVE_APR_FILE_LINK 1
| #define HAVE_APR_POOL_CREATE_UNMANAGED_EX 1
| #define STDC_HEADERS 1
| #define HAVE_SYSLOG_H 1
| #define HAVE_PCRE_H 1
| #define HAVE_DECL_PCRE_ERROR_BADUTF8 1
| #define HAVE_DECL_PCRE_ERROR_BADUTF8_OFFSET 1
| #define HAVE_OPENSSL_EVP_H 1
| #define HAVE_LIBCRYPTO 1
| #define HAVE_EVP_MD5 1
| #define HAVE_EVP_SHA1 1
| #define HAVE_EVP_SHA256 1
| #define HAVE_EVP_SHA512 1
| #define HAVE_EVP_RIPEMD160 1
| #define HAVE_KLOGCTL 1
| #define HAVE_SYS_KLOG_H 1
| #define HAVE_GRP_H 1
| #define HAVE_GETGROUPLIST 1
| #define HAVE_SETGROUPS 1
| #define HAVE_PCRE_H 1
| /* end confdefs.h.  */
| #include <zlib.h>
configure:13103: result: no
configure:13103: checking for zlib.h
configure:13103: result: no
configure:13149: WARNING: zlib.h header not found and xm_gelf will not be built
configure:13170: checking sys/prctl.h usability
configure:13170: gcc -c    -DLINUX -D_REENTRANT -D_GNU_SOURCE  conftest.c >&5
configure:13170: $? = 0
configure:13170: result: yes
configure:13170: checking sys/prctl.h presence
configure:13170: gcc -E  conftest.c
configure:13170: $? = 0
configure:13170: result: yes
configure:13170: checking for sys/prctl.h
configure:13170: result: yes
configure:13183: checking for prctl
configure:13183: gcc -o conftest    -DLINUX -D_REENTRANT -D_GNU_SOURCE     conftest.c   -L/usr/lib/x86_64-linux-gnu -lapr-1  >&5
configure:13183: $? = 0
configure:13183: result: yes
configure:13183: checking for setpflags
configure:13183: gcc -o conftest    -DLINUX -D_REENTRANT -D_GNU_SOURCE     conftest.c   -L/usr/lib/x86_64-linux-gnu -lapr-1  >&5
/usr/bin/ld: /tmp/ccXPNSQH.o: in function `main':
conftest.c:(.text+0xe): undefined reference to `setpflags'
collect2: error: ld returned 1 exit status
configure:13183: $? = 1
configure: failed program was:
| /* confdefs.h */
| #define PACKAGE_NAME "nxlog-ce"
| #define PACKAGE_TARNAME "nxlog-ce"
| #define PACKAGE_VERSION "3.0.14"
| #define PACKAGE_STRING "nxlog-ce 3.0.14"
| #define PACKAGE_BUGREPORT "support@nxlog.org"
| #define PACKAGE_URL ""
| #define PACKAGE "nxlog-ce"
| #define VERSION "3.0.14"
| #define STDC_HEADERS 1
| #define HAVE_SYS_TYPES_H 1
| #define HAVE_SYS_STAT_H 1
| #define HAVE_STDLIB_H 1
| #define HAVE_STRING_H 1
| #define HAVE_MEMORY_H 1
| #define HAVE_STRINGS_H 1
| #define HAVE_INTTYPES_H 1
| #define HAVE_STDINT_H 1
| #define HAVE_UNISTD_H 1
| #define HAVE_DLFCN_H 1
| #define LT_OBJDIR ".libs/"
| #define HAVE_APR_POLLSET_WAKEUP 1
| #define HAVE_APR_SOCKADDR_IP_GETBUF 1
| #define HAVE_APR_FILE_SYNC 1
| #define HAVE_APR_FILE_LINK 1
| #define HAVE_APR_POOL_CREATE_UNMANAGED_EX 1
| #define STDC_HEADERS 1
| #define HAVE_SYSLOG_H 1
| #define HAVE_PCRE_H 1
| #define HAVE_DECL_PCRE_ERROR_BADUTF8 1
| #define HAVE_DECL_PCRE_ERROR_BADUTF8_OFFSET 1
| #define HAVE_OPENSSL_EVP_H 1
| #define HAVE_LIBCRYPTO 1
| #define HAVE_EVP_MD5 1
| #define HAVE_EVP_SHA1 1
| #define HAVE_EVP_SHA256 1
| #define HAVE_EVP_SHA512 1
| #define HAVE_EVP_RIPEMD160 1
| #define HAVE_KLOGCTL 1
| #define HAVE_SYS_KLOG_H 1
| #define HAVE_GRP_H 1
| #define HAVE_GETGROUPLIST 1
| #define HAVE_SETGROUPS 1
| #define HAVE_PCRE_H 1
| #define HAVE_SYS_PRCTL_H 1
| #define HAVE_PRCTL 1
| /* end confdefs.h.  */
| /* Define setpflags to an innocuous variant, in case <limits.h> declares setpflags.
|    For example, HP-UX 11i <limits.h> declares gettimeofday.  */
| #define setpflags innocuous_setpflags
| 
| /* System header to define __stub macros and hopefully few prototypes,
|     which can conflict with char setpflags (); below.
|     Prefer <limits.h> to <assert.h> if __STDC__ is defined, since
|     <limits.h> exists even on freestanding compilers.  */
| 
| #ifdef __STDC__
| # include <limits.h>
| #else
| # include <assert.h>
| #endif
| 
| #undef setpflags
| 
| /* Override any GCC internal prototype to avoid an error.
|    Use char because int might match the return type of a GCC
|    builtin and then its argument prototype would still apply.  */
| #ifdef __cplusplus
| extern "C"
| #endif
| char setpflags ();
| /* The GNU C library defines this for functions which it implements
|     to always fail with ENOSYS.  Some functions are actually named
|     something starting with __ and the normal name is an alias.  */
| #if defined __stub_setpflags || defined __stub___setpflags
| choke me
| #endif
| 
| int
| main ()
| {
| return setpflags ();
|   ;
|   return 0;
| }
configure:13183: result: no
configure:13193: checking for cap_from_name in -lcap
configure:13218: gcc -o conftest    -DLINUX -D_REENTRANT -D_GNU_SOURCE     conftest.c -lcap    -L/usr/lib/x86_64-linux-gnu -lapr-1  >&5
/usr/bin/ld: cannot find -lcap: No such file or directory
collect2: error: ld returned 1 exit status
configure:13218: $? = 1
configure: failed program was:
| /* confdefs.h */
| #define PACKAGE_NAME "nxlog-ce"
| #define PACKAGE_TARNAME "nxlog-ce"
| #define PACKAGE_VERSION "3.0.14"
| #define PACKAGE_STRING "nxlog-ce 3.0.14"
| #define PACKAGE_BUGREPORT "support@nxlog.org"
| #define PACKAGE_URL ""
| #define PACKAGE "nxlog-ce"
| #define VERSION "3.0.14"
| #define STDC_HEADERS 1
| #define HAVE_SYS_TYPES_H 1
| #define HAVE_SYS_STAT_H 1
| #define HAVE_STDLIB_H 1
| #define HAVE_STRING_H 1
| #define HAVE_MEMORY_H 1
| #define HAVE_STRINGS_H 1
| #define HAVE_INTTYPES_H 1
| #define HAVE_STDINT_H 1
| #define HAVE_UNISTD_H 1
| #define HAVE_DLFCN_H 1
| #define LT_OBJDIR ".libs/"
| #define HAVE_APR_POLLSET_WAKEUP 1
| #define HAVE_APR_SOCKADDR_IP_GETBUF 1
| #define HAVE_APR_FILE_SYNC 1
| #define HAVE_APR_FILE_LINK 1
| #define HAVE_APR_POOL_CREATE_UNMANAGED_EX 1
| #define STDC_HEADERS 1
| #define HAVE_SYSLOG_H 1
| #define HAVE_PCRE_H 1
| #define HAVE_DECL_PCRE_ERROR_BADUTF8 1
| #define HAVE_DECL_PCRE_ERROR_BADUTF8_OFFSET 1
| #define HAVE_OPENSSL_EVP_H 1
| #define HAVE_LIBCRYPTO 1
| #define HAVE_EVP_MD5 1
| #define HAVE_EVP_SHA1 1
| #define HAVE_EVP_SHA256 1
| #define HAVE_EVP_SHA512 1
| #define HAVE_EVP_RIPEMD160 1
| #define HAVE_KLOGCTL 1
| #define HAVE_SYS_KLOG_H 1
| #define HAVE_GRP_H 1
| #define HAVE_GETGROUPLIST 1
| #define HAVE_SETGROUPS 1
| #define HAVE_PCRE_H 1
| #define HAVE_SYS_PRCTL_H 1
| #define HAVE_PRCTL 1
| /* end confdefs.h.  */
| 
| /* Override any GCC internal prototype to avoid an error.
|    Use char because int might match the return type of a GCC
|    builtin and then its argument prototype would still apply.  */
| #ifdef __cplusplus
| extern "C"
| #endif
| char cap_from_name ();
| int
| main ()
| {
| return cap_from_name ();
|   ;
|   return 0;
| }
configure:13227: result: no
configure:13235: WARNING: no linux capability (libcap2) support found, will be disabled.
configure:13270: checking winevt.h usability
configure:13270: gcc -c    -DLINUX -D_REENTRANT -D_GNU_SOURCE  conftest.c >&5
conftest.c:81:10: fatal error: winevt.h: No such file or directory
   81 | #include <winevt.h>
      |          ^~~~~~~~~~
compilation terminated.
configure:13270: $? = 1
configure: failed program was:
| /* confdefs.h */
| #define PACKAGE_NAME "nxlog-ce"
| #define PACKAGE_TARNAME "nxlog-ce"
| #define PACKAGE_VERSION "3.0.14"
| #define PACKAGE_STRING "nxlog-ce 3.0.14"
| #define PACKAGE_BUGREPORT "support@nxlog.org"
| #define PACKAGE_URL ""
| #define PACKAGE "nxlog-ce"
| #define VERSION "3.0.14"
| #define STDC_HEADERS 1
| #define HAVE_SYS_TYPES_H 1
| #define HAVE_SYS_STAT_H 1
| #define HAVE_STDLIB_H 1
| #define HAVE_STRING_H 1
| #define HAVE_MEMORY_H 1
| #define HAVE_STRINGS_H 1
| #define HAVE_INTTYPES_H 1
| #define HAVE_STDINT_H 1
| #define HAVE_UNISTD_H 1
| #define HAVE_DLFCN_H 1
| #define LT_OBJDIR ".libs/"
| #define HAVE_APR_POLLSET_WAKEUP 1
| #define HAVE_APR_SOCKADDR_IP_GETBUF 1
| #define HAVE_APR_FILE_SYNC 1
| #define HAVE_APR_FILE_LINK 1
| #define HAVE_APR_POOL_CREATE_UNMANAGED_EX 1
| #define STDC_HEADERS 1
| #define HAVE_SYSLOG_H 1
| #define HAVE_PCRE_H 1
| #define HAVE_DECL_PCRE_ERROR_BADUTF8 1
| #define HAVE_DECL_PCRE_ERROR_BADUTF8_OFFSET 1
| #define HAVE_OPENSSL_EVP_H 1
| #define HAVE_LIBCRYPTO 1
| #define HAVE_EVP_MD5 1
| #define HAVE_EVP_SHA1 1
| #define HAVE_EVP_SHA256 1
| #define HAVE_EVP_SHA512 1
| #define HAVE_EVP_RIPEMD160 1
| #define HAVE_KLOGCTL 1
| #define HAVE_SYS_KLOG_H 1
| #define HAVE_GRP_H 1
| #define HAVE_GETGROUPLIST 1
| #define HAVE_SETGROUPS 1
| #define HAVE_PCRE_H 1
| #define HAVE_SYS_PRCTL_H 1
| #define HAVE_PRCTL 1
| /* end confdefs.h.  */
| #include <stdio.h>
| #ifdef HAVE_SYS_TYPES_H
| # include <sys/types.h>
| #endif
| #ifdef HAVE_SYS_STAT_H
| # include <sys/stat.h>
| #endif
| #ifdef STDC_HEADERS
| # include <stdlib.h>
| # include <stddef.h>
| #else
| # ifdef HAVE_STDLIB_H
| #  include <stdlib.h>
| # endif
| #endif
| #ifdef HAVE_STRING_H
| # if !defined STDC_HEADERS && defined HAVE_MEMORY_H
| #  include <memory.h>
| # endif
| # include <string.h>
| #endif
| #ifdef HAVE_STRINGS_H
| # include <strings.h>
| #endif
| #ifdef HAVE_INTTYPES_H
| # include <inttypes.h>
| #endif
| #ifdef HAVE_STDINT_H
| # include <stdint.h>
| #endif
| #ifdef HAVE_UNISTD_H
| # include <unistd.h>
| #endif
| #include <winevt.h>
configure:13270: result: no
configure:13270: checking winevt.h presence
configure:13270: gcc -E  conftest.c
conftest.c:48:10: fatal error: winevt.h: No such file or directory
   48 | #include <winevt.h>
      |          ^~~~~~~~~~
compilation terminated.
configure:13270: $? = 1
configure: failed program was:
| /* confdefs.h */
| #define PACKAGE_NAME "nxlog-ce"
| #define PACKAGE_TARNAME "nxlog-ce"
| #define PACKAGE_VERSION "3.0.14"
| #define PACKAGE_STRING "nxlog-ce 3.0.14"
| #define PACKAGE_BUGREPORT "support@nxlog.org"
| #define PACKAGE_URL ""
| #define PACKAGE "nxlog-ce"
| #define VERSION "3.0.14"
| #define STDC_HEADERS 1
| #define HAVE_SYS_TYPES_H 1
| #define HAVE_SYS_STAT_H 1
| #define HAVE_STDLIB_H 1
| #define HAVE_STRING_H 1
| #define HAVE_MEMORY_H 1
| #define HAVE_STRINGS_H 1
| #define HAVE_INTTYPES_H 1
| #define HAVE_STDINT_H 1
| #define HAVE_UNISTD_H 1
| #define HAVE_DLFCN_H 1
| #define LT_OBJDIR ".libs/"
| #define HAVE_APR_POLLSET_WAKEUP 1
| #define HAVE_APR_SOCKADDR_IP_GETBUF 1
| #define HAVE_APR_FILE_SYNC 1
| #define HAVE_APR_FILE_LINK 1
| #define HAVE_APR_POOL_CREATE_UNMANAGED_EX 1
| #define STDC_HEADERS 1
| #define HAVE_SYSLOG_H 1
| #define HAVE_PCRE_H 1
| #define HAVE_DECL_PCRE_ERROR_BADUTF8 1
| #define HAVE_DECL_PCRE_ERROR_BADUTF8_OFFSET 1
| #define HAVE_OPENSSL_EVP_H 1
| #define HAVE_LIBCRYPTO 1
| #define HAVE_EVP_MD5 1
| #define HAVE_EVP_SHA1 1
| #define HAVE_EVP_SHA256 1
| #define HAVE_EVP_SHA512 1
| #define HAVE_EVP_RIPEMD160 1
| #define HAVE_KLOGCTL 1
| #define HAVE_SYS_KLOG_H 1
| #define HAVE_GRP_H 1
| #define HAVE_GETGROUPLIST 1
| #define HAVE_SETGROUPS 1
| #define HAVE_PCRE_H 1
| #define HAVE_SYS_PRCTL_H 1
| #define HAVE_PRCTL 1
| /* end confdefs.h.  */
| #include <winevt.h>
configure:13270: result: no
configure:13270: checking for winevt.h
configure:13270: result: no
configure:13284: checking execinfo.h usability
configure:13284: gcc -c    -DLINUX -D_REENTRANT -D_GNU_SOURCE  conftest.c >&5
configure:13284: $? = 0
configure:13284: result: yes
configure:13284: checking execinfo.h presence
configure:13284: gcc -E  conftest.c
configure:13284: $? = 0
configure:13284: result: yes
configure:13284: checking for execinfo.h
configure:13284: result: yes
configure:13296: checking for backtrace_symbols
configure:13296: gcc -o conftest    -DLINUX -D_REENTRANT -D_GNU_SOURCE     conftest.c   -L/usr/lib/x86_64-linux-gnu -lapr-1  >&5
configure:13296: $? = 0
configure:13296: result: yes
configure:13309: checking for iconv_open
configure:13309: gcc -o conftest    -DLINUX -D_REENTRANT -D_GNU_SOURCE     conftest.c   -L/usr/lib/x86_64-linux-gnu -lapr-1  >&5
configure:13309: $? = 0
configure:13309: result: yes
configure:13321: checking langinfo.h usability
configure:13321: gcc -c    -DLINUX -D_REENTRANT -D_GNU_SOURCE  conftest.c >&5
configure:13321: $? = 0
configure:13321: result: yes
configure:13321: checking langinfo.h presence
configure:13321: gcc -E  conftest.c
configure:13321: $? = 0
configure:13321: result: yes
configure:13321: checking for langinfo.h
configure:13321: result: yes
configure:13336: checking for nl_langinfo
configure:13336: gcc -o conftest    -DLINUX -D_REENTRANT -D_GNU_SOURCE     conftest.c   -L/usr/lib/x86_64-linux-gnu -lapr-1  >&5
configure:13336: $? = 0
configure:13336: result: yes
configure:13447: checking for struct tm.tm_gmtoff
configure:13447: gcc -c    -DLINUX -D_REENTRANT -D_GNU_SOURCE  conftest.c >&5
configure:13447: $? = 0
configure:13447: result: yes
configure:13459: checking for struct tm.__tm_gmtoff
configure:13459: gcc -c    -DLINUX -D_REENTRANT -D_GNU_SOURCE  conftest.c >&5
conftest.c: In function 'main':
conftest.c:62:13: error: 'struct tm' has no member named '__tm_gmtoff'; did you mean 'tm_gmtoff'?
   62 | if (ac_aggr.__tm_gmtoff)
      |             ^~~~~~~~~~~
      |             tm_gmtoff
configure:13459: $? = 1
configure: failed program was:
| /* confdefs.h */
| #define PACKAGE_NAME "nxlog-ce"
| #define PACKAGE_TARNAME "nxlog-ce"
| #define PACKAGE_VERSION "3.0.14"
| #define PACKAGE_STRING "nxlog-ce 3.0.14"
| #define PACKAGE_BUGREPORT "support@nxlog.org"
| #define PACKAGE_URL ""
| #define PACKAGE "nxlog-ce"
| #define VERSION "3.0.14"
| #define STDC_HEADERS 1
| #define HAVE_SYS_TYPES_H 1
| #define HAVE_SYS_STAT_H 1
| #define HAVE_STDLIB_H 1
| #define HAVE_STRING_H 1
| #define HAVE_MEMORY_H 1
| #define HAVE_STRINGS_H 1
| #define HAVE_INTTYPES_H 1
| #define HAVE_STDINT_H 1
| #define HAVE_UNISTD_H 1
| #define HAVE_DLFCN_H 1
| #define LT_OBJDIR ".libs/"
| #define HAVE_APR_POLLSET_WAKEUP 1
| #define HAVE_APR_SOCKADDR_IP_GETBUF 1
| #define HAVE_APR_FILE_SYNC 1
| #define HAVE_APR_FILE_LINK 1
| #define HAVE_APR_POOL_CREATE_UNMANAGED_EX 1
| #define STDC_HEADERS 1
| #define HAVE_SYSLOG_H 1
| #define HAVE_PCRE_H 1
| #define HAVE_DECL_PCRE_ERROR_BADUTF8 1
| #define HAVE_DECL_PCRE_ERROR_BADUTF8_OFFSET 1
| #define HAVE_OPENSSL_EVP_H 1
| #define HAVE_LIBCRYPTO 1
| #define HAVE_EVP_MD5 1
| #define HAVE_EVP_SHA1 1
| #define HAVE_EVP_SHA256 1
| #define HAVE_EVP_SHA512 1
| #define HAVE_EVP_RIPEMD160 1
| #define HAVE_KLOGCTL 1
| #define HAVE_SYS_KLOG_H 1
| #define HAVE_GRP_H 1
| #define HAVE_GETGROUPLIST 1
| #define HAVE_SETGROUPS 1
| #define HAVE_PCRE_H 1
| #define HAVE_SYS_PRCTL_H 1
| #define HAVE_PRCTL 1
| #define HAVE_EXECINFO_H 1
| #define HAVE_BACKTRACE_SYMBOLS 1
| #define HAVE_ICONV_OPEN 1
| #define HAVE_LANGINFO_H 1
| #define HAVE_NL_LANGINFO 1
| #define HAVE_STRUCT_TM_TM_GMTOFF 1
| /* end confdefs.h.  */
| 
| #include <sys/types.h>
| #include <time.h>
| 
| int
| main ()
| {
| static struct tm ac_aggr;
| if (ac_aggr.__tm_gmtoff)
| return 0;
|   ;
|   return 0;
| }
configure:13459: gcc -c    -DLINUX -D_REENTRANT -D_GNU_SOURCE  conftest.c >&5
conftest.c: In function 'main':
conftest.c:62:20: error: 'struct tm' has no member named '__tm_gmtoff'; did you mean 'tm_gmtoff'?
   62 | if (sizeof ac_aggr.__tm_gmtoff)
      |                    ^~~~~~~~~~~
      |                    tm_gmtoff
configure:13459: $? = 1
configure: failed program was:
| /* confdefs.h */
| #define PACKAGE_NAME "nxlog-ce"
| #define PACKAGE_TARNAME "nxlog-ce"
| #define PACKAGE_VERSION "3.0.14"
| #define PACKAGE_STRING "nxlog-ce 3.0.14"
| #define PACKAGE_BUGREPORT "support@nxlog.org"
| #define PACKAGE_URL ""
| #define PACKAGE "nxlog-ce"
| #define VERSION "3.0.14"
| #define STDC_HEADERS 1
| #define HAVE_SYS_TYPES_H 1
| #define HAVE_SYS_STAT_H 1
| #define HAVE_STDLIB_H 1
| #define HAVE_STRING_H 1
| #define HAVE_MEMORY_H 1
| #define HAVE_STRINGS_H 1
| #define HAVE_INTTYPES_H 1
| #define HAVE_STDINT_H 1
| #define HAVE_UNISTD_H 1
| #define HAVE_DLFCN_H 1
| #define LT_OBJDIR ".libs/"
| #define HAVE_APR_POLLSET_WAKEUP 1
| #define HAVE_APR_SOCKADDR_IP_GETBUF 1
| #define HAVE_APR_FILE_SYNC 1
| #define HAVE_APR_FILE_LINK 1
| #define HAVE_APR_POOL_CREATE_UNMANAGED_EX 1
| #define STDC_HEADERS 1
| #define HAVE_SYSLOG_H 1
| #define HAVE_PCRE_H 1
| #define HAVE_DECL_PCRE_ERROR_BADUTF8 1
| #define HAVE_DECL_PCRE_ERROR_BADUTF8_OFFSET 1
| #define HAVE_OPENSSL_EVP_H 1
| #define HAVE_LIBCRYPTO 1
| #define HAVE_EVP_MD5 1
| #define HAVE_EVP_SHA1 1
| #define HAVE_EVP_SHA256 1
| #define HAVE_EVP_SHA512 1
| #define HAVE_EVP_RIPEMD160 1
| #define HAVE_KLOGCTL 1
| #define HAVE_SYS_KLOG_H 1
| #define HAVE_GRP_H 1
| #define HAVE_GETGROUPLIST 1
| #define HAVE_SETGROUPS 1
| #define HAVE_PCRE_H 1
| #define HAVE_SYS_PRCTL_H 1
| #define HAVE_PRCTL 1
| #define HAVE_EXECINFO_H 1
| #define HAVE_BACKTRACE_SYMBOLS 1
| #define HAVE_ICONV_OPEN 1
| #define HAVE_LANGINFO_H 1
| #define HAVE_NL_LANGINFO 1
| #define HAVE_STRUCT_TM_TM_GMTOFF 1
| /* end confdefs.h.  */
| 
| #include <sys/types.h>
| #include <time.h>
| 
| int
| main ()
| {
| static struct tm ac_aggr;
| if (sizeof ac_aggr.__tm_gmtoff)
| return 0;
|   ;
|   return 0;
| }
configure:13459: result: no
configure:13476: checking for strptime
configure:13476: gcc -o conftest    -DLINUX -D_REENTRANT -D_GNU_SOURCE     conftest.c   -L/usr/lib/x86_64-linux-gnu -lapr-1  >&5
configure:13476: $? = 0
configure:13476: result: yes
configure:13493: checking for chown
configure:13493: gcc -o conftest    -DLINUX -D_REENTRANT -D_GNU_SOURCE     conftest.c   -L/usr/lib/x86_64-linux-gnu -lapr-1  >&5
configure:13493: $? = 0
configure:13493: result: yes
configure:13493: checking for chmod
configure:13493: gcc -o conftest    -DLINUX -D_REENTRANT -D_GNU_SOURCE     conftest.c   -L/usr/lib/x86_64-linux-gnu -lapr-1  >&5
configure:13493: $? = 0
configure:13493: result: yes
configure:13504: checking whether AF_UNIX is declared
configure:13504: gcc -c    -DLINUX -D_REENTRANT -D_GNU_SOURCE  conftest.c >&5
configure:13504: $? = 0
configure:13504: result: yes
configure:13534: checking for recvmmsg
configure:13534: gcc -o conftest    -DLINUX -D_REENTRANT -D_GNU_SOURCE     conftest.c   -L/usr/lib/x86_64-linux-gnu -lapr-1  >&5
configure:13534: $? = 0
configure:13534: result: yes
configure:13544: checking whether recvmmsg is declared
configure:13544: gcc -c    -DLINUX -D_REENTRANT -D_GNU_SOURCE  conftest.c >&5
configure:13544: $? = 0
configure:13544: result: yes
configure:13559: checking whether xm_perl is set/enabled
configure:13601: result: yes
configure:13615: checking for perl
configure:13631: found /usr/bin/perl
configure:13642: result: perl
configure:13715: checking for perl_parse
configure:13715: gcc -o conftest    -DLINUX -D_REENTRANT -D_GNU_SOURCE  -D_REENTRANT -D_GNU_SOURCE -DDEBIAN -fwrapv -fno-strict-aliasing -pipe -I/usr/local/include -D_LARGEFILE_SOURCE -D_FILE_OFFSET_BITS=64  -I/usr/lib/x86_64-linux-gnu/perl/5.34/CORE      conftest.c   -L/usr/lib/x86_64-linux-gnu -lapr-1  -Wl,-E  -fstack-protector-strong -L/usr/local/lib  -L/usr/lib/x86_64-linux-gnu/perl/5.34/CORE -lperl -ldl -lm -lpthread -lc -lcrypt >&5
/usr/bin/ld: cannot find -lperl: No such file or directory
collect2: error: ld returned 1 exit status
configure:13715: $? = 1
configure: failed program was:
| /* confdefs.h */
| #define PACKAGE_NAME "nxlog-ce"
| #define PACKAGE_TARNAME "nxlog-ce"
| #define PACKAGE_VERSION "3.0.14"
| #define PACKAGE_STRING "nxlog-ce 3.0.14"
| #define PACKAGE_BUGREPORT "support@nxlog.org"
| #define PACKAGE_URL ""
| #define PACKAGE "nxlog-ce"
| #define VERSION "3.0.14"
| #define STDC_HEADERS 1
| #define HAVE_SYS_TYPES_H 1
| #define HAVE_SYS_STAT_H 1
| #define HAVE_STDLIB_H 1
| #define HAVE_STRING_H 1
| #define HAVE_MEMORY_H 1
| #define HAVE_STRINGS_H 1
| #define HAVE_INTTYPES_H 1
| #define HAVE_STDINT_H 1
| #define HAVE_UNISTD_H 1
| #define HAVE_DLFCN_H 1
| #define LT_OBJDIR ".libs/"
| #define HAVE_APR_POLLSET_WAKEUP 1
| #define HAVE_APR_SOCKADDR_IP_GETBUF 1
| #define HAVE_APR_FILE_SYNC 1
| #define HAVE_APR_FILE_LINK 1
| #define HAVE_APR_POOL_CREATE_UNMANAGED_EX 1
| #define STDC_HEADERS 1
| #define HAVE_SYSLOG_H 1
| #define HAVE_PCRE_H 1
| #define HAVE_DECL_PCRE_ERROR_BADUTF8 1
| #define HAVE_DECL_PCRE_ERROR_BADUTF8_OFFSET 1
| #define HAVE_OPENSSL_EVP_H 1
| #define HAVE_LIBCRYPTO 1
| #define HAVE_EVP_MD5 1
| #define HAVE_EVP_SHA1 1
| #define HAVE_EVP_SHA256 1
| #define HAVE_EVP_SHA512 1
| #define HAVE_EVP_RIPEMD160 1
| #define HAVE_KLOGCTL 1
| #define HAVE_SYS_KLOG_H 1
| #define HAVE_GRP_H 1
| #define HAVE_GETGROUPLIST 1
| #define HAVE_SETGROUPS 1
| #define HAVE_PCRE_H 1
| #define HAVE_SYS_PRCTL_H 1
| #define HAVE_PRCTL 1
| #define HAVE_EXECINFO_H 1
| #define HAVE_BACKTRACE_SYMBOLS 1
| #define HAVE_ICONV_OPEN 1
| #define HAVE_LANGINFO_H 1
| #define HAVE_NL_LANGINFO 1
| #define HAVE_STRUCT_TM_TM_GMTOFF 1
| #define HAVE_STRPTIME 1
| #define HAVE_CHOWN 1
| #define HAVE_CHMOD 1
| #define HAVE_DECL_AF_UNIX 1
| #define HAVE_RECVMMSG 1
| #define HAVE_DECL_RECVMMSG 1
| /* end confdefs.h.  */
| /* Define perl_parse to an innocuous variant, in case <limits.h> declares perl_parse.
|    For example, HP-UX 11i <limits.h> declares gettimeofday.  */
| #define perl_parse innocuous_perl_parse
| 
| /* System header to define __stub macros and hopefully few prototypes,
|     which can conflict with char perl_parse (); below.
|     Prefer <limits.h> to <assert.h> if __STDC__ is defined, since
|     <limits.h> exists even on freestanding compilers.  */
| 
| #ifdef __STDC__
| # include <limits.h>
| #else
| # include <assert.h>
| #endif
| 
| #undef perl_parse
| 
| /* Override any GCC internal prototype to avoid an error.
|    Use char because int might match the return type of a GCC
|    builtin and then its argument prototype would still apply.  */
| #ifdef __cplusplus
| extern "C"
| #endif
| char perl_parse ();
| /* The GNU C library defines this for functions which it implements
|     to always fail with ENOSYS.  Some functions are actually named
|     something starting with __ and the normal name is an alias.  */
| #if defined __stub_perl_parse || defined __stub___perl_parse
| choke me
| #endif
| 
| int
| main ()
| {
| return perl_parse ();
|   ;
|   return 0;
| }
configure:13715: result: no
configure:13722: WARNING: perl cannot be embedded, not building xm_perl
configure:13741: checking for sd_journal_open in -lsystemd
configure:13766: gcc -o conftest    -DLINUX -D_REENTRANT -D_GNU_SOURCE     conftest.c -lsystemd    -L/usr/lib/x86_64-linux-gnu -lapr-1  >&5
/usr/bin/ld: cannot find -lsystemd: No such file or directory
collect2: error: ld returned 1 exit status
configure:13766: $? = 1
configure: failed program was:
| /* confdefs.h */
| #define PACKAGE_NAME "nxlog-ce"
| #define PACKAGE_TARNAME "nxlog-ce"
| #define PACKAGE_VERSION "3.0.14"
| #define PACKAGE_STRING "nxlog-ce 3.0.14"
| #define PACKAGE_BUGREPORT "support@nxlog.org"
| #define PACKAGE_URL ""
| #define PACKAGE "nxlog-ce"
| #define VERSION "3.0.14"
| #define STDC_HEADERS 1
| #define HAVE_SYS_TYPES_H 1
| #define HAVE_SYS_STAT_H 1
| #define HAVE_STDLIB_H 1
| #define HAVE_STRING_H 1
| #define HAVE_MEMORY_H 1
| #define HAVE_STRINGS_H 1
| #define HAVE_INTTYPES_H 1
| #define HAVE_STDINT_H 1
| #define HAVE_UNISTD_H 1
| #define HAVE_DLFCN_H 1
| #define LT_OBJDIR ".libs/"
| #define HAVE_APR_POLLSET_WAKEUP 1
| #define HAVE_APR_SOCKADDR_IP_GETBUF 1
| #define HAVE_APR_FILE_SYNC 1
| #define HAVE_APR_FILE_LINK 1
| #define HAVE_APR_POOL_CREATE_UNMANAGED_EX 1
| #define STDC_HEADERS 1
| #define HAVE_SYSLOG_H 1
| #define HAVE_PCRE_H 1
| #define HAVE_DECL_PCRE_ERROR_BADUTF8 1
| #define HAVE_DECL_PCRE_ERROR_BADUTF8_OFFSET 1
| #define HAVE_OPENSSL_EVP_H 1
| #define HAVE_LIBCRYPTO 1
| #define HAVE_EVP_MD5 1
| #define HAVE_EVP_SHA1 1
| #define HAVE_EVP_SHA256 1
| #define HAVE_EVP_SHA512 1
| #define HAVE_EVP_RIPEMD160 1
| #define HAVE_KLOGCTL 1
| #define HAVE_SYS_KLOG_H 1
| #define HAVE_GRP_H 1
| #define HAVE_GETGROUPLIST 1
| #define HAVE_SETGROUPS 1
| #define HAVE_PCRE_H 1
| #define HAVE_SYS_PRCTL_H 1
| #define HAVE_PRCTL 1
| #define HAVE_EXECINFO_H 1
| #define HAVE_BACKTRACE_SYMBOLS 1
| #define HAVE_ICONV_OPEN 1
| #define HAVE_LANGINFO_H 1
| #define HAVE_NL_LANGINFO 1
| #define HAVE_STRUCT_TM_TM_GMTOFF 1
| #define HAVE_STRPTIME 1
| #define HAVE_CHOWN 1
| #define HAVE_CHMOD 1
| #define HAVE_DECL_AF_UNIX 1
| #define HAVE_RECVMMSG 1
| #define HAVE_DECL_RECVMMSG 1
| /* end confdefs.h.  */
| 
| /* Override any GCC internal prototype to avoid an error.
|    Use char because int might match the return type of a GCC
|    builtin and then its argument prototype would still apply.  */
| #ifdef __cplusplus
| extern "C"
| #endif
| char sd_journal_open ();
| int
| main ()
| {
| return sd_journal_open ();
|   ;
|   return 0;
| }
configure:13775: result: no
configure:13791: checking whether xm_python is set/enabled
configure:13833: result: yes
configure:13846: checking for python3-config
configure:13876: result: no
configure:13886: WARNING: python3-config script not found, need to install python3-dev
configure:13959: checking whether documentation is set/enabled
configure:14001: result: no
configure:14054: checking utmp.h usability
configure:14054: gcc -c    -DLINUX -D_REENTRANT -D_GNU_SOURCE  conftest.c >&5
configure:14054: $? = 0
configure:14054: result: yes
configure:14054: checking utmp.h presence
configure:14054: gcc -E  conftest.c
configure:14054: $? = 0
configure:14054: result: yes
configure:14054: checking for utmp.h
configure:14054: result: yes
configure:14082: checking whether gcc accepts -Werror
configure:14099: gcc -c -Werror  conftest.c >&5
configure:14099: $? = 0
configure:14107: result: yes
configure:14110: checking whether gcc accepts -pipe
configure:14136: gcc -c    -DLINUX -D_REENTRANT -D_GNU_SOURCE -pipe  conftest.c >&5
configure:14136: $? = 0
configure:14144: result: -pipe
configure:14149: checking whether gcc accepts -W
configure:14175: gcc -c    -DLINUX -D_REENTRANT -D_GNU_SOURCE -pipe -W  conftest.c >&5
configure:14175: $? = 0
configure:14183: result: -W
configure:14188: checking whether gcc accepts -Wall
configure:14214: gcc -c    -DLINUX -D_REENTRANT -D_GNU_SOURCE -pipe -W -Wall  conftest.c >&5
configure:14214: $? = 0
configure:14222: result: -Wall
configure:14227: checking whether gcc accepts -Wshadow
configure:14253: gcc -c    -DLINUX -D_REENTRANT -D_GNU_SOURCE -pipe -W -Wall -Wshadow  conftest.c >&5
configure:14253: $? = 0
configure:14261: result: -Wshadow
configure:14266: checking whether gcc accepts -Wno-address
configure:14292: gcc -c    -DLINUX -D_REENTRANT -D_GNU_SOURCE -pipe -W -Wall -Wshadow -Wno-address  conftest.c >&5
configure:14292: $? = 0
configure:14300: result: -Wno-address
configure:14306: checking whether gcc accepts -Wcast-qual
configure:14332: gcc -c    -DLINUX -D_REENTRANT -D_GNU_SOURCE -pipe -W -Wall -Wshadow -Wno-address -Wcast-qual  conftest.c >&5
configure:14332: $? = 0
configure:14340: result: -Wcast-qual
configure:14345: checking whether gcc accepts -Wbad-function-cast
configure:14371: gcc -c    -DLINUX -D_REENTRANT -D_GNU_SOURCE -pipe -W -Wall -Wshadow -Wno-address -Wcast-qual -Wbad-function-cast  conftest.c >&5
configure:14371: $? = 0
configure:14379: result: -Wbad-function-cast
configure:14384: checking whether gcc accepts -Wsign-compare
configure:14410: gcc -c    -DLINUX -D_REENTRANT -D_GNU_SOURCE -pipe -W -Wall -Wshadow -Wno-address -Wcast-qual -Wbad-function-cast -Wsign-compare  conftest.c >&5
configure:14410: $? = 0
configure:14418: result: -Wsign-compare
configure:14423: checking whether gcc accepts -Wconversion
configure:14449: gcc -c    -DLINUX -D_REENTRANT -D_GNU_SOURCE -pipe -W -Wall -Wshadow -Wno-address -Wcast-qual -Wbad-function-cast -Wsign-compare -Wconversion  conftest.c >&5
configure:14449: $? = 0
configure:14457: result: -Wconversion
configure:14462: checking whether gcc accepts -funsigned-char
configure:14488: gcc -c    -DLINUX -D_REENTRANT -D_GNU_SOURCE -pipe -W -Wall -Wshadow -Wno-address -Wcast-qual -Wbad-function-cast -Wsign-compare -Wconversion -funsigned-char  conftest.c >&5
configure:14488: $? = 0
configure:14496: result: -funsigned-char
configure:14501: checking whether gcc accepts -Werror-implicit-function-declaration
configure:14527: gcc -c    -DLINUX -D_REENTRANT -D_GNU_SOURCE -pipe -W -Wall -Wshadow -Wno-address -Wcast-qual -Wbad-function-cast -Wsign-compare -Wconversion -funsigned-char -Werror-implicit-function-declaration  conftest.c >&5
configure:14527: $? = 0
configure:14535: result: -Werror-implicit-function-declaration
configure:14540: checking whether gcc accepts -Wswitch-default
configure:14566: gcc -c    -DLINUX -D_REENTRANT -D_GNU_SOURCE -pipe -W -Wall -Wshadow -Wno-address -Wcast-qual -Wbad-function-cast -Wsign-compare -Wconversion -funsigned-char -Werror-implicit-function-declaration -Wswitch-default  conftest.c >&5
configure:14566: $? = 0
configure:14574: result: -Wswitch-default
configure:14579: checking whether gcc accepts -fstrict-aliasing
configure:14605: gcc -c    -DLINUX -D_REENTRANT -D_GNU_SOURCE -pipe -W -Wall -Wshadow -Wno-address -Wcast-qual -Wbad-function-cast -Wsign-compare -Wconversion -funsigned-char -Werror-implicit-function-declaration -Wswitch-default -fstrict-aliasing  conftest.c >&5
configure:14605: $? = 0
configure:14613: result: -fstrict-aliasing
configure:14618: checking whether gcc accepts -Wpointer-arith
configure:14644: gcc -c    -DLINUX -D_REENTRANT -D_GNU_SOURCE -pipe -W -Wall -Wshadow -Wno-address -Wcast-qual -Wbad-function-cast -Wsign-compare -Wconversion -funsigned-char -Werror-implicit-function-declaration -Wswitch-default -fstrict-aliasing -Wpointer-arith  conftest.c >&5
configure:14644: $? = 0
configure:14652: result: -Wpointer-arith
configure:14657: checking whether gcc accepts -Wcast-align
configure:14683: gcc -c    -DLINUX -D_REENTRANT -D_GNU_SOURCE -pipe -W -Wall -Wshadow -Wno-address -Wcast-qual -Wbad-function-cast -Wsign-compare -Wconversion -funsigned-char -Werror-implicit-function-declaration -Wswitch-default -fstrict-aliasing -Wpointer-arith -Wcast-align  conftest.c >&5
configure:14683: $? = 0
configure:14691: result: -Wcast-align
configure:14696: checking whether gcc accepts -Wwrite-strings
configure:14722: gcc -c    -DLINUX -D_REENTRANT -D_GNU_SOURCE -pipe -W -Wall -Wshadow -Wno-address -Wcast-qual -Wbad-function-cast -Wsign-compare -Wconversion -funsigned-char -Werror-implicit-function-declaration -Wswitch-default -fstrict-aliasing -Wpointer-arith -Wcast-align -Wwrite-strings  conftest.c >&5
configure:14722: $? = 0
configure:14730: result: -Wwrite-strings
configure:14735: checking whether gcc accepts -Wmissing-noreturn
configure:14761: gcc -c    -DLINUX -D_REENTRANT -D_GNU_SOURCE -pipe -W -Wall -Wshadow -Wno-address -Wcast-qual -Wbad-function-cast -Wsign-compare -Wconversion -funsigned-char -Werror-implicit-function-declaration -Wswitch-default -fstrict-aliasing -Wpointer-arith -Wcast-align -Wwrite-strings -Wmissing-noreturn  conftest.c >&5
configure:14761: $? = 0
configure:14769: result: -Wmissing-noreturn
configure:14774: checking whether gcc accepts -Wmissing-format-attribute
configure:14800: gcc -c    -DLINUX -D_REENTRANT -D_GNU_SOURCE -pipe -W -Wall -Wshadow -Wno-address -Wcast-qual -Wbad-function-cast -Wsign-compare -Wconversion -funsigned-char -Werror-implicit-function-declaration -Wswitch-default -fstrict-aliasing -Wpointer-arith -Wcast-align -Wwrite-strings -Wmissing-noreturn -Wmissing-format-attribute  conftest.c >&5
configure:14800: $? = 0
configure:14808: result: -Wmissing-format-attribute
configure:14813: checking whether gcc accepts -Wformat
configure:14839: gcc -c    -DLINUX -D_REENTRANT -D_GNU_SOURCE -pipe -W -Wall -Wshadow -Wno-address -Wcast-qual -Wbad-function-cast -Wsign-compare -Wconversion -funsigned-char -Werror-implicit-function-declaration -Wswitch-default -fstrict-aliasing -Wpointer-arith -Wcast-align -Wwrite-strings -Wmissing-noreturn -Wmissing-format-attribute -Wformat  conftest.c >&5
configure:14839: $? = 0
configure:14847: result: -Wformat
configure:14852: checking whether gcc accepts -Wextra
configure:14878: gcc -c    -DLINUX -D_REENTRANT -D_GNU_SOURCE -pipe -W -Wall -Wshadow -Wno-address -Wcast-qual -Wbad-function-cast -Wsign-compare -Wconversion -funsigned-char -Werror-implicit-function-declaration -Wswitch-default -fstrict-aliasing -Wpointer-arith -Wcast-align -Wwrite-strings -Wmissing-noreturn -Wmissing-format-attribute -Wformat -Wextra  conftest.c >&5
configure:14878: $? = 0
configure:14886: result: -Wextra
configure:14891: checking whether gcc accepts -Werror=format-security
configure:14917: gcc -c    -DLINUX -D_REENTRANT -D_GNU_SOURCE -pipe -W -Wall -Wshadow -Wno-address -Wcast-qual -Wbad-function-cast -Wsign-compare -Wconversion -funsigned-char -Werror-implicit-function-declaration -Wswitch-default -fstrict-aliasing -Wpointer-arith -Wcast-align -Wwrite-strings -Wmissing-noreturn -Wmissing-format-attribute -Wformat -Wextra -Werror=format-security  conftest.c >&5
configure:14917: $? = 0
configure:14925: result: -Werror=format-security
configure:14938: checking whether gcc accepts -rdynamic
configure:14964: gcc -c    -DLINUX -D_REENTRANT -D_GNU_SOURCE -pipe -W -Wall -Wshadow -Wno-address -Wcast-qual -Wbad-function-cast -Wsign-compare -Wconversion -funsigned-char -Werror-implicit-function-declaration -Wswitch-default -fstrict-aliasing -Wpointer-arith -Wcast-align -Wwrite-strings -Wmissing-noreturn -Wmissing-format-attribute -Wformat -Wextra -Werror=format-security -rdynamic  conftest.c >&5
configure:14964: $? = 0
configure:14972: result: -rdynamic
configure:14991: checking for special C compiler options needed for large files
configure:15036: result: no
configure:15042: checking for _FILE_OFFSET_BITS value needed for large files
configure:15067: gcc -c    -DLINUX -D_REENTRANT -D_GNU_SOURCE -pipe -W -Wall -Wshadow -Wno-address -Wcast-qual -Wbad-function-cast -Wsign-compare -Wconversion -funsigned-char -Werror-implicit-function-declaration -Wswitch-default -fstrict-aliasing -Wpointer-arith -Wcast-align -Wwrite-strings -Wmissing-noreturn -Wmissing-format-attribute -Wformat -Wextra -Werror=format-security -rdynamic  conftest.c >&5
configure:15067: $? = 0
configure:15099: result: no
configure:15188: checking whether gcc accepts -ggdb3 -g3
configure:15214: gcc -c    -DLINUX -D_REENTRANT -D_GNU_SOURCE -pipe -W -Wall -Wshadow -Wno-address -Wcast-qual -Wbad-function-cast -Wsign-compare -Wconversion -funsigned-char -Werror-implicit-function-declaration -Wswitch-default -fstrict-aliasing -Wpointer-arith -Wcast-align -Wwrite-strings -Wmissing-noreturn -Wmissing-format-attribute -Wformat -Wextra -Werror=format-security -rdynamic -ggdb3  conftest.c >&5
configure:15214: $? = 0
configure:15222: result: -ggdb3
configure:15419: checking that generated files are newer than configure
configure:15425: result: done
configure:15496: creating ./config.status

## ---------------------- ##
## Running config.status. ##
## ---------------------- ##

This file was extended by nxlog-ce config.status 3.0.14, which was
generated by GNU Autoconf 2.69.  Invocation command line was

  CONFIG_FILES    = 
  CONFIG_HEADERS  = 
  CONFIG_LINKS    = 
  CONFIG_COMMANDS = 
  $ ./config.status 

on ubuntu2204

config.status:1255: creating Makefile
config.status:1255: creating doc/Makefile
config.status:1255: creating doc/reference-manual/Makefile
config.status:1255: creating doc/reference-manual/config-examples/Makefile
config.status:1255: creating doc/reference-manual/en/Makefile
config.status:1255: creating doc/reference-manual/hu/Makefile
config.status:1255: creating test/Makefile
config.status:1255: creating test/common/Makefile
config.status:1255: creating test/coresrc/Makefile
config.status:1255: creating src/Makefile
config.status:1255: creating src/common/Makefile
config.status:1255: creating src/core/Makefile
config.status:1255: creating src/modules/Makefile
config.status:1255: creating src/modules/input/Makefile
config.status:1255: creating src/modules/input/file/Makefile
config.status:1255: creating src/modules/input/uds/Makefile
config.status:1255: creating src/modules/input/kernel/Makefile
config.status:1255: creating src/modules/input/udp/Makefile
config.status:1255: creating src/modules/input/tcp/Makefile
config.status:1255: creating src/modules/input/ssl/Makefile
config.status:1255: creating src/modules/input/testgen/Makefile
config.status:1255: creating src/modules/input/null/Makefile
config.status:1255: creating src/modules/input/mark/Makefile
config.status:1255: creating src/modules/input/internal/Makefile
config.status:1255: creating src/modules/input/dbi/Makefile
config.status:1255: creating src/modules/input/exec/Makefile
config.status:1255: creating src/modules/input/pipe/Makefile
config.status:1255: creating src/modules/input/systemd/Makefile
config.status:1255: creating src/modules/input/perl/Makefile
config.status:1255: creating src/modules/input/python/Makefile
config.status:1255: creating src/modules/processor/Makefile
config.status:1255: creating src/modules/processor/null/Makefile
config.status:1255: creating src/modules/processor/transformer/Makefile
config.status:1255: creating src/modules/processor/norepeat/Makefile
config.status:1255: creating src/modules/processor/buffer/Makefile
config.status:1255: creating src/modules/processor/blocker/Makefile
config.status:1255: creating src/modules/processor/pattern/Makefile
config.status:1255: creating src/modules/processor/evcorr/Makefile
config.status:1255: creating src/modules/output/Makefile
config.status:1255: creating src/modules/output/file/Makefile
config.status:1255: creating src/modules/output/udp/Makefile
config.status:1255: creating src/modules/output/tcp/Makefile
config.status:1255: creating src/modules/output/ssl/Makefile
config.status:1255: creating src/modules/output/null/Makefile
config.status:1255: creating src/modules/output/dbi/Makefile
config.status:1255: creating src/modules/output/blocker/Makefile
config.status:1255: creating src/modules/output/uds/Makefile
config.status:1255: creating src/modules/output/exec/Makefile
config.status:1255: creating src/modules/output/http/Makefile
config.status:1255: creating src/modules/output/perl/Makefile
config.status:1255: creating src/modules/output/python/Makefile
config.status:1255: creating src/modules/output/raijin/Makefile
config.status:1255: creating src/modules/extension/Makefile
config.status:1255: creating src/modules/extension/syslog/Makefile
config.status:1255: creating src/modules/extension/exec/Makefile
config.status:1255: creating src/modules/extension/csv/Makefile
config.status:1255: creating src/modules/extension/kvp/Makefile
config.status:1255: creating src/modules/extension/charconv/Makefile
config.status:1255: creating src/modules/extension/json/Makefile
config.status:1255: creating src/modules/extension/json/yajl/Makefile
config.status:1255: creating src/modules/extension/xml/Makefile
config.status:1255: creating src/modules/extension/gelf/Makefile
config.status:1255: creating src/modules/extension/fileop/Makefile
config.status:1255: creating src/modules/extension/multiline/Makefile
config.status:1255: creating src/modules/extension/perl/Makefile
config.status:1255: creating src/modules/extension/wtmp/Makefile
config.status:1255: creating src/modules/extension/grok/Makefile
config.status:1255: creating src/modules/extension/python/Makefile
config.status:1255: creating src/utils/Makefile
config.status:1255: creating src/common/config.h
config.status:1484: executing depfiles commands
config.status:1484: executing libtool commands

## ---------------- ##
## Cache variables. ##
## ---------------- ##

ac_cv_build=x86_64-unknown-linux-gnu
ac_cv_c_compiler_gnu=yes
ac_cv_c_flag_fstrict_aliasing=-fstrict-aliasing
ac_cv_c_flag_funsigned_char=-funsigned-char
ac_cv_c_flag_g=-ggdb3
ac_cv_c_flag_pipe=-pipe
ac_cv_c_flag_rdynamic=-rdynamic
ac_cv_c_flag_w=-W
ac_cv_c_flag_wall=-Wall
ac_cv_c_flag_wbad_function_cast=-Wbad-function-cast
ac_cv_c_flag_wcast_align=-Wcast-align
ac_cv_c_flag_wcast_qual=-Wcast-qual
ac_cv_c_flag_wconversion=-Wconversion
ac_cv_c_flag_werror_format_security=-Werror=format-security
ac_cv_c_flag_werror_implicit_function_declaration=-Werror-implicit-function-declaration
ac_cv_c_flag_wextra=-Wextra
ac_cv_c_flag_wformat=-Wformat
ac_cv_c_flag_wmissing_format_attribute=-Wmissing-format-attribute
ac_cv_c_flag_wmissing_noreturn=-Wmissing-noreturn
ac_cv_c_flag_wno_address=-Wno-address
ac_cv_c_flag_wpointer_arith=-Wpointer-arith
ac_cv_c_flag_wshadow=-Wshadow
ac_cv_c_flag_wsign_compare=-Wsign-compare
ac_cv_c_flag_wswitch_default=-Wswitch-default
ac_cv_c_flag_wwrite_strings=-Wwrite-strings
ac_cv_c_option_werror=yes
ac_cv_enable_documentation=no
ac_cv_enable_xm_perl=yes
ac_cv_enable_xm_python=yes
ac_cv_env_APRCONFIG_set=
ac_cv_env_APRCONFIG_value=
ac_cv_env_CC_set=
ac_cv_env_CC_value=
ac_cv_env_CFLAGS_set=
ac_cv_env_CFLAGS_value=
ac_cv_env_CPPFLAGS_set=
ac_cv_env_CPPFLAGS_value=
ac_cv_env_CPP_set=
ac_cv_env_CPP_value=
ac_cv_env_LDFLAGS_set=
ac_cv_env_LDFLAGS_value=
ac_cv_env_LIBS_set=
ac_cv_env_LIBS_value=
ac_cv_env_PCRECONFIG_set=
ac_cv_env_PCRECONFIG_value=
ac_cv_env_YACC_set=
ac_cv_env_YACC_value=
ac_cv_env_YFLAGS_set=
ac_cv_env_YFLAGS_value=
ac_cv_env_build_alias_set=
ac_cv_env_build_alias_value=
ac_cv_env_host_alias_set=
ac_cv_env_host_alias_value=
ac_cv_env_target_alias_set=
ac_cv_env_target_alias_value=
ac_cv_func_EVP_md5=yes
ac_cv_func_EVP_ripemd160=yes
ac_cv_func_EVP_sha1=yes
ac_cv_func_EVP_sha256=yes
ac_cv_func_EVP_sha512=yes
ac_cv_func_apr_file_link=yes
ac_cv_func_apr_file_sync=yes
ac_cv_func_apr_pollset_wakeup=yes
ac_cv_func_apr_pool_create_unmanaged_ex=yes
ac_cv_func_apr_sockaddr_ip_getbuf=yes
ac_cv_func_backtrace_symbols=yes
ac_cv_func_chmod=yes
ac_cv_func_chown=yes
ac_cv_func_getgrouplist=yes
ac_cv_func_iconv_open=yes
ac_cv_func_klogctl=yes
ac_cv_func_nl_langinfo=yes
ac_cv_func_perl_parse=no
ac_cv_func_prctl=yes
ac_cv_func_recvmmsg=yes
ac_cv_func_setgroups=yes
ac_cv_func_setpflags=no
ac_cv_func_strptime=yes
ac_cv_have_decl_AF_UNIX=yes
ac_cv_have_decl_PCRE_ERROR_BADUTF8=yes
ac_cv_have_decl_PCRE_ERROR_BADUTF8_OFFSET=yes
ac_cv_have_decl_recvmmsg=yes
ac_cv_header_dlfcn_h=yes
ac_cv_header_execinfo_h=yes
ac_cv_header_grp_h=yes
ac_cv_header_inttypes_h=yes
ac_cv_header_langinfo_h=yes
ac_cv_header_memory_h=yes
ac_cv_header_openssl_evp_h=yes
ac_cv_header_pcre_h=yes
ac_cv_header_stdc=yes
ac_cv_header_stdint_h=yes
ac_cv_header_stdlib_h=yes
ac_cv_header_string_h=yes
ac_cv_header_strings_h=yes
ac_cv_header_sys_klog_h=yes
ac_cv_header_sys_prctl_h=yes
ac_cv_header_sys_stat_h=yes
ac_cv_header_sys_types_h=yes
ac_cv_header_syslog_h=yes
ac_cv_header_unistd_h=yes
ac_cv_header_utmp_h=yes
ac_cv_header_winevt_h=no
ac_cv_header_zlib_h=no
ac_cv_host=x86_64-unknown-linux-gnu
ac_cv_lib_apr_1_apr_socket_create=yes
ac_cv_lib_cap_cap_from_name=no
ac_cv_lib_crypto_EVP_CIPHER_CTX_new=yes
ac_cv_lib_dbi_dbi_initialize=no
ac_cv_lib_expat_XML_Parse=yes
ac_cv_lib_ssl_OPENSSL_init_ssl=yes
ac_cv_lib_ssl_SSL_library_init=no
ac_cv_lib_systemd_sd_journal_open=no
ac_cv_member_struct_tm___tm_gmtoff=no
ac_cv_member_struct_tm_tm_gmtoff=yes
ac_cv_objext=o
ac_cv_path_EGREP='/usr/bin/grep -E'
ac_cv_path_FGREP='/usr/bin/grep -F'
ac_cv_path_GREP=/usr/bin/grep
ac_cv_path_SED=/usr/bin/sed
ac_cv_path_apr_config=/usr/bin/apr-1-config
ac_cv_path_install='/usr/bin/install -c'
ac_cv_path_mkdir=/usr/bin/mkdir
ac_cv_path_pcre_config=/usr/bin/pcre-config
ac_cv_prog_AWK=mawk
ac_cv_prog_CPP='gcc -E'
ac_cv_prog_OPENSSL=openssl
ac_cv_prog_PERL=perl
ac_cv_prog_ac_ct_AR=ar
ac_cv_prog_ac_ct_CC=gcc
ac_cv_prog_ac_ct_DLLTOOL=dlltool
ac_cv_prog_ac_ct_MANIFEST_TOOL=mt
ac_cv_prog_ac_ct_OBJDUMP=objdump
ac_cv_prog_ac_ct_RANLIB=ranlib
ac_cv_prog_ac_ct_STRIP=strip
ac_cv_prog_cc_c89=
ac_cv_prog_cc_g=yes
ac_cv_prog_make_make_set=yes
ac_cv_sys_file_offset_bits=no
ac_cv_sys_largefile_CC=no
ac_cv_target=x86_64-unknown-linux-gnu
am_cv_CC_dependencies_compiler_type=gcc3
am_cv_make_support_nested_variables=yes
am_cv_prog_cc_c_o=yes
am_cv_prog_tar_ustar=gnutar
lt_cv_ar_at_file=@
lt_cv_archive_cmds_need_lc=no
lt_cv_deplibs_check_method=pass_all
lt_cv_file_magic_cmd='$MAGIC_CMD'
lt_cv_file_magic_test_file=
lt_cv_ld_reload_flag=-r
lt_cv_nm_interface='BSD nm'
lt_cv_objdir=.libs
lt_cv_path_LD=/usr/bin/ld
lt_cv_path_NM='/usr/bin/nm -B'
lt_cv_path_mainfest_tool=no
lt_cv_prog_compiler_c_o=yes
lt_cv_prog_compiler_pic='-fPIC -DPIC'
lt_cv_prog_compiler_pic_works=yes
lt_cv_prog_compiler_rtti_exceptions=no
lt_cv_prog_compiler_static_works=yes
lt_cv_prog_gnu_ld=yes
lt_cv_sharedlib_from_linklib_cmd='printf %s\n'
lt_cv_shlibpath_overrides_runpath=yes
lt_cv_sys_global_symbol_pipe='sed -n -e '\''s/^.*[	 ]\([ABCDGIRSTW][ABCDGIRSTW]*\)[	 ][	 ]*\([_A-Za-z][_A-Za-z0-9]*\)$/\1 \2 \2/p'\'' | sed '\''/ __gnu_lto/d'\'''
lt_cv_sys_global_symbol_to_c_name_address='sed -n -e '\''s/^: \([^ ]*\)[ ]*$/  {\"\1\", (void *) 0},/p'\'' -e '\''s/^[ABCDGIRSTW]* \([^ ]*\) \([^ ]*\)$/  {"\2", (void *) \&\2},/p'\'''
lt_cv_sys_global_symbol_to_c_name_address_lib_prefix='sed -n -e '\''s/^: \([^ ]*\)[ ]*$/  {\"\1\", (void *) 0},/p'\'' -e '\''s/^[ABCDGIRSTW]* \([^ ]*\) \(lib[^ ]*\)$/  {"\2", (void *) \&\2},/p'\'' -e '\''s/^[ABCDGIRSTW]* \([^ ]*\) \([^ ]*\)$/  {"lib\2", (void *) \&\2},/p'\'''
lt_cv_sys_global_symbol_to_cdecl='sed -n -e '\''s/^T .* \(.*\)$/extern int \1();/p'\'' -e '\''s/^[ABCDGIRSTW]* .* \(.*\)$/extern char \1;/p'\'''
lt_cv_sys_max_cmd_len=1572864
lt_cv_to_host_file_cmd=func_convert_file_noop
lt_cv_to_tool_file_cmd=func_convert_file_noop

## ----------------- ##
## Output variables. ##
## ----------------- ##

ACLOCAL='${SHELL} /root/nxlog-ce-installer/nxlog-ce-3/missing aclocal-1.14'
AMDEPBACKSLASH='\'
AMDEP_FALSE='#'
AMDEP_TRUE=''
AMTAR='$${TAR-tar}'
AM_BACKSLASH='\'
AM_DEFAULT_V='$(AM_DEFAULT_VERBOSITY)'
AM_DEFAULT_VERBOSITY='1'
AM_V='$(V)'
APRCONFIG=''
APR_CFLAGS='  -DLINUX -D_REENTRANT -D_GNU_SOURCE'
APR_LIBS=' -L/usr/lib/x86_64-linux-gnu -lapr-1 '
AR='ar'
AS='as'
AUTOCONF='${SHELL} /root/nxlog-ce-installer/nxlog-ce-3/missing autoconf'
AUTOHEADER='${SHELL} /root/nxlog-ce-installer/nxlog-ce-3/missing autoheader'
AUTOMAKE='${SHELL} /root/nxlog-ce-installer/nxlog-ce-3/missing automake-1.14'
AWK='mawk'
BUILD_DOCUMENTATION_FALSE=''
BUILD_DOCUMENTATION_TRUE='#'
BUILD_IM_PIPE_FALSE='#'
BUILD_IM_PIPE_TRUE=''
BUILD_XM_WTMP_FALSE='#'
BUILD_XM_WTMP_TRUE=''
CC='gcc'
CCDEPMODE='depmode=gcc3'
CFLAGS='   -DLINUX -D_REENTRANT -D_GNU_SOURCE -pipe -W -Wall -Wshadow -Wno-address -Wcast-qual -Wbad-function-cast -Wsign-compare -Wconversion -funsigned-char -Werror-implicit-function-declaration -Wswitch-default -fstrict-aliasing -Wpointer-arith -Wcast-align -Wwrite-strings -Wmissing-noreturn -Wmissing-format-attribute -Wformat -Wextra -Werror=format-security -rdynamic -ggdb3'
CLEANFILES='*~'
CPP='gcc -E'
CPPFLAGS=''
CYGPATH_W='echo'
DEFS='-DHAVE_CONFIG_H'
DEPDIR='.deps'
DLLTOOL='dlltool'
DSYMUTIL=''
DUMPBIN=''
ECHO_C=''
ECHO_N='-n'
ECHO_T=''
EGREP='/usr/bin/grep -E'
EXEEXT=''
FGREP='/usr/bin/grep -F'
GREP='/usr/bin/grep'
HAVE_AF_UNIX_FALSE='#'
HAVE_AF_UNIX_TRUE=''
HAVE_ANDROID_FALSE=''
HAVE_ANDROID_TRUE='#'
HAVE_ICONV_FALSE='#'
HAVE_ICONV_TRUE=''
HAVE_LIBDBI_FALSE=''
HAVE_LIBDBI_TRUE='#'
HAVE_PERL_FALSE=''
HAVE_PERL_TRUE='#'
HAVE_PYTHON_FALSE=''
HAVE_PYTHON_TRUE='#'
HAVE_SYSTEMD_FALSE=''
HAVE_SYSTEMD_TRUE='#'
HAVE_ZLIB_FALSE=''
HAVE_ZLIB_TRUE='#'
INCLUDES='  -I/usr/include/apr-1.0 '
INSTALL_DATA='${INSTALL} -m 644'
INSTALL_PROGRAM='${INSTALL}'
INSTALL_SCRIPT='${INSTALL}'
INSTALL_STRIP_PROGRAM='$(install_sh) -c -s'
LD='/usr/bin/ld -m elf_x86_64'
LDFLAGS='  '
LEX=':'
LEXLIB=''
LEX_OUTPUT_ROOT=''
LIBCAP=''
LIBDBI=''
LIBEXPAT='-lexpat'
LIBICONV=''
LIBNX=''
LIBOBJS=''
LIBS='  -L/usr/lib/x86_64-linux-gnu -lapr-1 '
LIBSSL='-lcrypto -lssl'
LIBTOOL='$(SHELL) $(top_builddir)/libtool'
LIBZLIB=''
LIPO=''
LN_S='ln -s'
LTLIBOBJS=''
MAINTAINERCLEANFILES='Makefile.in'
MAKEINFO='${SHELL} /root/nxlog-ce-installer/nxlog-ce-3/missing makeinfo'
MANIFEST_TOOL=':'
MKDIR_P='/usr/bin/mkdir -p'
NM='/usr/bin/nm -B'
NMEDIT=''
NX_CACHEDIR='${prefix}/var/spool/nxlog'
NX_CONFIGFILE='${prefix}/etc/nxlog/nxlog.conf'
NX_MODULEDIR='${exec_prefix}/libexec/nxlog/modules'
NX_PIDFILE='${prefix}/var/run/nxlog/nxlog.pid'
OBJDUMP='objdump'
OBJEXT='o'
OPENSSL='openssl'
OTOOL64=''
OTOOL=''
PACKAGE='nxlog-ce'
PACKAGE_BUGREPORT='support@nxlog.org'
PACKAGE_NAME='nxlog-ce'
PACKAGE_STRING='nxlog-ce 3.0.14'
PACKAGE_TARNAME='nxlog-ce'
PACKAGE_URL=''
PACKAGE_VERSION='3.0.14'
PATH_SEPARATOR=':'
PCRECONFIG=''
PCRE_CFLAGS=''
PCRE_LIBS='-lpcre'
PERL='perl'
PERL_CFLAGS=' -D_REENTRANT -D_GNU_SOURCE -DDEBIAN -fwrapv -fno-strict-aliasing -pipe -I/usr/local/include -D_LARGEFILE_SOURCE -D_FILE_OFFSET_BITS=64  -I/usr/lib/x86_64-linux-gnu/perl/5.34/CORE '
PERL_LIBS='-Wl,-E  -fstack-protector-strong -L/usr/local/lib  -L/usr/lib/x86_64-linux-gnu/perl/5.34/CORE -lperl -ldl -lm -lpthread -lc -lcrypt'
PYTHON='NOTFOUND'
PYTHON_CFLAGS=''
PYTHON_LIBS=''
RANLIB='ranlib'
SED='/usr/bin/sed'
SET_MAKE=''
SHELL='/bin/bash'
STRIP='strip'
VERSION='3.0.14'
WIN32=''
WIN32_FALSE=''
WIN32_TRUE='#'
YACC='yacc'
YFLAGS=''
ac_ct_AR='ar'
ac_ct_CC='gcc'
ac_ct_DUMPBIN=''
am__EXEEXT_FALSE=''
am__EXEEXT_TRUE='#'
am__fastdepCC_FALSE='#'
am__fastdepCC_TRUE=''
am__include='include'
am__isrc=''
am__leading_dot='.'
am__nodep='_no'
am__quote=''
am__tar='tar --format=ustar -chf - "$$tardir"'
am__untar='tar -xf -'
apr_config='/usr/bin/apr-1-config'
bindir='${exec_prefix}/bin'
build='x86_64-unknown-linux-gnu'
build_alias=''
build_cpu='x86_64'
build_os='linux-gnu'
build_vendor='unknown'
datadir='${datarootdir}'
datarootdir='${prefix}/share'
docdir='${datarootdir}/doc/${PACKAGE_TARNAME}'
dvidir='${docdir}'
exec_prefix='${prefix}'
host='x86_64-unknown-linux-gnu'
host_alias=''
host_cpu='x86_64'
host_os='linux-gnu'
host_vendor='unknown'
htmldir='${docdir}'
includedir='${prefix}/include'
infodir='${datarootdir}/info'
install_sh='${SHELL} /root/nxlog-ce-installer/nxlog-ce-3/install-sh'
libdir='${exec_prefix}/lib'
libexecdir='${exec_prefix}/libexec'
localedir='${datarootdir}/locale'
localstatedir='${prefix}/var'
mandir='${datarootdir}/man'
mkdir_p='$(MKDIR_P)'
oldincludedir='/usr/include'
pcre_config='/usr/bin/pcre-config'
pdfdir='${docdir}'
prefix='/usr/local'
program_transform_name='s,x,x,'
psdir='${docdir}'
sbindir='${exec_prefix}/sbin'
sharedstatedir='${prefix}/com'
sysconfdir='${prefix}/etc'
target='x86_64-unknown-linux-gnu'
target_alias=''
target_cpu='x86_64'
target_os='linux-gnu'
target_vendor='unknown'

## ----------- ##
## confdefs.h. ##
## ----------- ##

/* confdefs.h */
#define PACKAGE_NAME "nxlog-ce"
#define PACKAGE_TARNAME "nxlog-ce"
#define PACKAGE_VERSION "3.0.14"
#define PACKAGE_STRING "nxlog-ce 3.0.14"
#define PACKAGE_BUGREPORT "support@nxlog.org"
#define PACKAGE_URL ""
#define PACKAGE "nxlog-ce"
#define VERSION "3.0.14"
#define STDC_HEADERS 1
#define HAVE_SYS_TYPES_H 1
#define HAVE_SYS_STAT_H 1
#define HAVE_STDLIB_H 1
#define HAVE_STRING_H 1
#define HAVE_MEMORY_H 1
#define HAVE_STRINGS_H 1
#define HAVE_INTTYPES_H 1
#define HAVE_STDINT_H 1
#define HAVE_UNISTD_H 1
#define HAVE_DLFCN_H 1
#define LT_OBJDIR ".libs/"
#define HAVE_APR_POLLSET_WAKEUP 1
#define HAVE_APR_SOCKADDR_IP_GETBUF 1
#define HAVE_APR_FILE_SYNC 1
#define HAVE_APR_FILE_LINK 1
#define HAVE_APR_POOL_CREATE_UNMANAGED_EX 1
#define STDC_HEADERS 1
#define HAVE_SYSLOG_H 1
#define HAVE_PCRE_H 1
#define HAVE_DECL_PCRE_ERROR_BADUTF8 1
#define HAVE_DECL_PCRE_ERROR_BADUTF8_OFFSET 1
#define HAVE_OPENSSL_EVP_H 1
#define HAVE_LIBCRYPTO 1
#define HAVE_EVP_MD5 1
#define HAVE_EVP_SHA1 1
#define HAVE_EVP_SHA256 1
#define HAVE_EVP_SHA512 1
#define HAVE_EVP_RIPEMD160 1
#define HAVE_KLOGCTL 1
#define HAVE_SYS_KLOG_H 1
#define HAVE_GRP_H 1
#define HAVE_GETGROUPLIST 1
#define HAVE_SETGROUPS 1
#define HAVE_PCRE_H 1
#define HAVE_SYS_PRCTL_H 1
#define HAVE_PRCTL 1
#define HAVE_EXECINFO_H 1
#define HAVE_BACKTRACE_SYMBOLS 1
#define HAVE_ICONV_OPEN 1
#define HAVE_LANGINFO_H 1
#define HAVE_NL_LANGINFO 1
#define HAVE_STRUCT_TM_TM_GMTOFF 1
#define HAVE_STRPTIME 1
#define HAVE_CHOWN 1
#define HAVE_CHMOD 1
#define HAVE_DECL_AF_UNIX 1
#define HAVE_RECVMMSG 1
#define HAVE_DECL_RECVMMSG 1
#define HAVE_UTMP_H 1
#define VERSION_STRING "3.0.14"

configure: exit 0
